INFO:trainer_utils.supervised_trainer:Optimizer: Adam (
Parameter Group 0
    amsgrad: False
    betas: (0.9, 0.999)
    eps: 1e-08
    lr: 0.001
    weight_decay: 0
), Scheduler: None
INFO:trainer_utils.supervised_trainer:Epoch: 1, Step: 0
INFO:trainer_utils.supervised_trainer:Progress: 0%, Train Perplexity: 20.3439
INFO:trainer_utils.supervised_trainer:Progress: 0%, Train Perplexity: 4.9477
INFO:trainer_utils.supervised_trainer:Progress: 0%, Train Perplexity: 4.3560
INFO:trainer_utils.supervised_trainer:Progress: 0%, Train Perplexity: 3.6449
INFO:trainer_utils.supervised_trainer:Progress: 0%, Train Perplexity: 3.2115
INFO:trainer_utils.supervised_trainer:Progress: 0%, Train Perplexity: 2.9872
INFO:trainer_utils.supervised_trainer:Progress: 0%, Train Perplexity: 2.8925
INFO:trainer_utils.supervised_trainer:Progress: 0%, Train Perplexity: 2.7075
INFO:trainer_utils.supervised_trainer:Progress: 0%, Train Perplexity: 2.6998
INFO:trainer_utils.supervised_trainer:Progress: 0%, Train Perplexity: 2.5835
INFO:trainer_utils.supervised_trainer:Progress: 0%, Train Perplexity: 2.4921
INFO:trainer_utils.supervised_trainer:Progress: 0%, Train Perplexity: 2.3676
INFO:trainer_utils.supervised_trainer:Progress: 0%, Train Perplexity: 2.4145
INFO:trainer_utils.supervised_trainer:Progress: 0%, Train Perplexity: 2.2690
INFO:trainer_utils.supervised_trainer:Progress: 0%, Train Perplexity: 2.2014
INFO:trainer_utils.supervised_trainer:Progress: 0%, Train Perplexity: 2.1822
INFO:trainer_utils.supervised_trainer:Progress: 0%, Train Perplexity: 2.1576
INFO:trainer_utils.supervised_trainer:Progress: 0%, Train Perplexity: 2.1172
INFO:trainer_utils.supervised_trainer:Progress: 0%, Train Perplexity: 2.1420
INFO:trainer_utils.supervised_trainer:Progress: 0%, Train Perplexity: 2.1116
INFO:trainer_utils.supervised_trainer:Progress: 0%, Train Perplexity: 2.0143
INFO:trainer_utils.supervised_trainer:Progress: 0%, Train Perplexity: 2.0009
INFO:trainer_utils.supervised_trainer:Progress: 0%, Train Perplexity: 1.9958
INFO:trainer_utils.supervised_trainer:Progress: 1%, Train Perplexity: 1.9977
INFO:trainer_utils.supervised_trainer:Progress: 1%, Train Perplexity: 1.9240
INFO:trainer_utils.supervised_trainer:Progress: 1%, Train Perplexity: 1.9218
INFO:trainer_utils.supervised_trainer:Progress: 1%, Train Perplexity: 1.8964
INFO:trainer_utils.supervised_trainer:Progress: 1%, Train Perplexity: 1.8874
INFO:trainer_utils.supervised_trainer:Progress: 1%, Train Perplexity: 1.8423
INFO:trainer_utils.supervised_trainer:Progress: 1%, Train Perplexity: 1.8624
INFO:trainer_utils.supervised_trainer:Progress: 1%, Train Perplexity: 1.8173
INFO:trainer_utils.supervised_trainer:Progress: 1%, Train Perplexity: 1.8210
INFO:trainer_utils.supervised_trainer:Progress: 1%, Train Perplexity: 1.7310
INFO:trainer_utils.supervised_trainer:Progress: 1%, Train Perplexity: 1.7621
INFO:trainer_utils.supervised_trainer:Progress: 1%, Train Perplexity: 1.7089
INFO:trainer_utils.supervised_trainer:Progress: 1%, Train Perplexity: 1.7019
INFO:trainer_utils.supervised_trainer:Progress: 1%, Train Perplexity: 1.6335
INFO:trainer_utils.supervised_trainer:Progress: 1%, Train Perplexity: 1.6539
INFO:trainer_utils.supervised_trainer:Progress: 1%, Train Perplexity: 1.6525
INFO:trainer_utils.supervised_trainer:Progress: 1%, Train Perplexity: 1.6414
INFO:trainer_utils.supervised_trainer:Progress: 1%, Train Perplexity: 1.6246
INFO:trainer_utils.supervised_trainer:Progress: 1%, Train Perplexity: 1.6098
INFO:trainer_utils.supervised_trainer:Progress: 1%, Train Perplexity: 1.5849
INFO:trainer_utils.supervised_trainer:Progress: 1%, Train Perplexity: 1.5850
INFO:trainer_utils.supervised_trainer:Progress: 1%, Train Perplexity: 1.5836
INFO:trainer_utils.supervised_trainer:Progress: 1%, Train Perplexity: 1.5503
INFO:trainer_utils.supervised_trainer:Progress: 1%, Train Perplexity: 1.5445
INFO:trainer_utils.supervised_trainer:Progress: 1%, Train Perplexity: 1.5356
INFO:trainer_utils.supervised_trainer:Progress: 2%, Train Perplexity: 1.5378
INFO:trainer_utils.supervised_trainer:Progress: 2%, Train Perplexity: 1.5444
INFO:trainer_utils.supervised_trainer:Progress: 2%, Train Perplexity: 1.5306
INFO:trainer_utils.supervised_trainer:Progress: 2%, Train Perplexity: 1.4971
INFO:trainer_utils.supervised_trainer:Progress: 2%, Train Perplexity: 1.5173
INFO:trainer_utils.supervised_trainer:Progress: 2%, Train Perplexity: 1.5002
INFO:trainer_utils.supervised_trainer:Progress: 2%, Train Perplexity: 1.4799
INFO:trainer_utils.supervised_trainer:Progress: 2%, Train Perplexity: 1.4833
INFO:trainer_utils.supervised_trainer:Progress: 2%, Train Perplexity: 1.4899
INFO:trainer_utils.supervised_trainer:Progress: 2%, Train Perplexity: 1.4663
INFO:trainer_utils.supervised_trainer:Progress: 2%, Train Perplexity: 1.4678
INFO:trainer_utils.supervised_trainer:Progress: 2%, Train Perplexity: 1.4532
INFO:trainer_utils.supervised_trainer:Progress: 2%, Train Perplexity: 1.4612
INFO:trainer_utils.supervised_trainer:Progress: 2%, Train Perplexity: 1.4582
INFO:trainer_utils.supervised_trainer:Progress: 2%, Train Perplexity: 1.4434
INFO:trainer_utils.supervised_trainer:Progress: 2%, Train Perplexity: 1.4390
INFO:trainer_utils.supervised_trainer:Progress: 2%, Train Perplexity: 1.4458
INFO:trainer_utils.supervised_trainer:Progress: 2%, Train Perplexity: 1.4368
INFO:trainer_utils.supervised_trainer:Progress: 2%, Train Perplexity: 1.4184
INFO:trainer_utils.supervised_trainer:Progress: 2%, Train Perplexity: 1.4484
INFO:trainer_utils.supervised_trainer:Progress: 2%, Train Perplexity: 1.4221
INFO:trainer_utils.supervised_trainer:Progress: 2%, Train Perplexity: 1.3988
INFO:trainer_utils.supervised_trainer:Progress: 2%, Train Perplexity: 1.4488
INFO:trainer_utils.supervised_trainer:Progress: 2%, Train Perplexity: 1.4117
INFO:trainer_utils.supervised_trainer:Progress: 2%, Train Perplexity: 1.4014
INFO:trainer_utils.supervised_trainer:Progress: 3%, Train Perplexity: 1.3738
INFO:trainer_utils.supervised_trainer:Progress: 3%, Train Perplexity: 1.3979
INFO:trainer_utils.supervised_trainer:Progress: 3%, Train Perplexity: 1.3845
INFO:trainer_utils.supervised_trainer:Progress: 3%, Train Perplexity: 1.3686
INFO:trainer_utils.supervised_trainer:Progress: 3%, Train Perplexity: 1.3964
INFO:trainer_utils.supervised_trainer:Progress: 3%, Train Perplexity: 1.3671
INFO:trainer_utils.supervised_trainer:Progress: 3%, Train Perplexity: 1.3643
INFO:trainer_utils.supervised_trainer:Progress: 3%, Train Perplexity: 1.3703
INFO:trainer_utils.supervised_trainer:Progress: 3%, Train Perplexity: 1.3757
INFO:trainer_utils.supervised_trainer:Progress: 3%, Train Perplexity: 1.3678
INFO:trainer_utils.supervised_trainer:Progress: 3%, Train Perplexity: 1.3642
INFO:trainer_utils.supervised_trainer:Progress: 3%, Train Perplexity: 1.3480
INFO:trainer_utils.supervised_trainer:Progress: 3%, Train Perplexity: 1.3493
INFO:trainer_utils.supervised_trainer:Progress: 3%, Train Perplexity: 1.3309
INFO:trainer_utils.supervised_trainer:Progress: 3%, Train Perplexity: 1.3512
INFO:trainer_utils.supervised_trainer:Progress: 3%, Train Perplexity: 1.3500
INFO:trainer_utils.supervised_trainer:Progress: 3%, Train Perplexity: 1.3360
INFO:trainer_utils.supervised_trainer:Progress: 3%, Train Perplexity: 1.3564
INFO:trainer_utils.supervised_trainer:Progress: 3%, Train Perplexity: 1.3387
INFO:trainer_utils.supervised_trainer:Progress: 3%, Train Perplexity: 1.3240
INFO:trainer_utils.supervised_trainer:Progress: 3%, Train Perplexity: 1.3490
INFO:trainer_utils.supervised_trainer:Progress: 3%, Train Perplexity: 1.3178
INFO:trainer_utils.supervised_trainer:Progress: 3%, Train Perplexity: 1.3061
INFO:trainer_utils.supervised_trainer:Progress: 3%, Train Perplexity: 1.3136
INFO:trainer_utils.supervised_trainer:Progress: 3%, Train Perplexity: 1.3098
INFO:trainer_utils.supervised_trainer:Progress: 4%, Train Perplexity: 1.3249
INFO:trainer_utils.supervised_trainer:Progress: 4%, Train Perplexity: 1.3255
INFO:trainer_utils.supervised_trainer:Progress: 4%, Train Perplexity: 1.2928
INFO:trainer_utils.supervised_trainer:Progress: 4%, Train Perplexity: 1.2883
INFO:trainer_utils.supervised_trainer:Progress: 4%, Train Perplexity: 1.2972
INFO:trainer_utils.supervised_trainer:Progress: 4%, Train Perplexity: 1.3031
INFO:trainer_utils.supervised_trainer:Progress: 4%, Train Perplexity: 1.2903
INFO:trainer_utils.supervised_trainer:Progress: 4%, Train Perplexity: 1.2927
INFO:trainer_utils.supervised_trainer:Progress: 4%, Train Perplexity: 1.2888
INFO:trainer_utils.supervised_trainer:Progress: 4%, Train Perplexity: 1.2765
INFO:trainer_utils.supervised_trainer:Progress: 4%, Train Perplexity: 1.2802
INFO:trainer_utils.supervised_trainer:Progress: 4%, Train Perplexity: 1.2923
INFO:trainer_utils.supervised_trainer:Progress: 4%, Train Perplexity: 1.2822
INFO:trainer_utils.supervised_trainer:Progress: 4%, Train Perplexity: 1.2698
INFO:trainer_utils.supervised_trainer:Progress: 4%, Train Perplexity: 1.2735
INFO:trainer_utils.supervised_trainer:Progress: 4%, Train Perplexity: 1.2740
INFO:trainer_utils.supervised_trainer:Progress: 4%, Train Perplexity: 1.2665
INFO:trainer_utils.supervised_trainer:Progress: 4%, Train Perplexity: 1.2735
INFO:trainer_utils.supervised_trainer:Progress: 4%, Train Perplexity: 1.2747
INFO:trainer_utils.supervised_trainer:Progress: 4%, Train Perplexity: 1.2893
INFO:trainer_utils.supervised_trainer:Progress: 4%, Train Perplexity: 1.2710
INFO:trainer_utils.supervised_trainer:Progress: 4%, Train Perplexity: 1.2581
INFO:trainer_utils.supervised_trainer:Progress: 4%, Train Perplexity: 1.2511
INFO:trainer_utils.supervised_trainer:Progress: 4%, Train Perplexity: 1.2646
INFO:trainer_utils.supervised_trainer:Progress: 4%, Train Perplexity: 1.2604
INFO:trainer_utils.supervised_trainer:Progress: 5%, Train Perplexity: 1.2514
INFO:trainer_utils.supervised_trainer:Progress: 5%, Train Perplexity: 1.2621
INFO:trainer_utils.supervised_trainer:Progress: 5%, Train Perplexity: 1.2429
INFO:trainer_utils.supervised_trainer:Progress: 5%, Train Perplexity: 1.2483
INFO:trainer_utils.supervised_trainer:Progress: 5%, Train Perplexity: 1.2586
INFO:trainer_utils.supervised_trainer:Progress: 5%, Train Perplexity: 1.2525
INFO:trainer_utils.supervised_trainer:Progress: 5%, Train Perplexity: 1.2493
INFO:trainer_utils.supervised_trainer:Progress: 5%, Train Perplexity: 1.2310
INFO:trainer_utils.supervised_trainer:Progress: 5%, Train Perplexity: 1.2398
INFO:trainer_utils.supervised_trainer:Progress: 5%, Train Perplexity: 1.2433
INFO:trainer_utils.supervised_trainer:Progress: 5%, Train Perplexity: 1.2510
INFO:trainer_utils.supervised_trainer:Progress: 5%, Train Perplexity: 1.2268
INFO:trainer_utils.supervised_trainer:Progress: 5%, Train Perplexity: 1.2270
INFO:trainer_utils.supervised_trainer:Progress: 5%, Train Perplexity: 1.2298
INFO:trainer_utils.supervised_trainer:Progress: 5%, Train Perplexity: 1.2544
INFO:trainer_utils.supervised_trainer:Progress: 5%, Train Perplexity: 1.2559
INFO:trainer_utils.supervised_trainer:Progress: 5%, Train Perplexity: 1.2367
INFO:trainer_utils.supervised_trainer:Progress: 5%, Train Perplexity: 1.2292
INFO:trainer_utils.supervised_trainer:Progress: 5%, Train Perplexity: 1.2303
INFO:trainer_utils.supervised_trainer:Progress: 5%, Train Perplexity: 1.2260
INFO:trainer_utils.supervised_trainer:Progress: 5%, Train Perplexity: 1.2326
INFO:trainer_utils.supervised_trainer:Progress: 5%, Train Perplexity: 1.2322
INFO:trainer_utils.supervised_trainer:Progress: 5%, Train Perplexity: 1.2254
INFO:trainer_utils.supervised_trainer:Progress: 5%, Train Perplexity: 1.2288
INFO:trainer_utils.supervised_trainer:Progress: 5%, Train Perplexity: 1.2430
INFO:trainer_utils.supervised_trainer:Progress: 6%, Train Perplexity: 1.2316
INFO:trainer_utils.supervised_trainer:Progress: 6%, Train Perplexity: 1.2397
INFO:trainer_utils.supervised_trainer:Progress: 6%, Train Perplexity: 1.2101
INFO:trainer_utils.supervised_trainer:Progress: 6%, Train Perplexity: 1.2199
INFO:trainer_utils.supervised_trainer:Progress: 6%, Train Perplexity: 1.2100
INFO:trainer_utils.supervised_trainer:Progress: 6%, Train Perplexity: 1.2128
INFO:trainer_utils.supervised_trainer:Progress: 6%, Train Perplexity: 1.2319
INFO:trainer_utils.supervised_trainer:Progress: 6%, Train Perplexity: 1.2034
INFO:trainer_utils.supervised_trainer:Progress: 6%, Train Perplexity: 1.2214
INFO:trainer_utils.supervised_trainer:Progress: 6%, Train Perplexity: 1.1978
INFO:trainer_utils.supervised_trainer:Progress: 6%, Train Perplexity: 1.2045
INFO:trainer_utils.supervised_trainer:Progress: 6%, Train Perplexity: 1.1953
INFO:trainer_utils.supervised_trainer:Progress: 6%, Train Perplexity: 1.2159
INFO:trainer_utils.supervised_trainer:Progress: 6%, Train Perplexity: 1.2093
INFO:trainer_utils.supervised_trainer:Progress: 6%, Train Perplexity: 1.2085
INFO:trainer_utils.supervised_trainer:Progress: 6%, Train Perplexity: 1.2107
INFO:trainer_utils.supervised_trainer:Progress: 6%, Train Perplexity: 1.2140
INFO:trainer_utils.supervised_trainer:Progress: 6%, Train Perplexity: 1.2108
INFO:trainer_utils.supervised_trainer:Progress: 6%, Train Perplexity: 1.2234
INFO:trainer_utils.supervised_trainer:Progress: 6%, Train Perplexity: 1.1951
INFO:trainer_utils.supervised_trainer:Progress: 6%, Train Perplexity: 1.2128
INFO:trainer_utils.supervised_trainer:Progress: 6%, Train Perplexity: 1.1880
INFO:trainer_utils.supervised_trainer:Progress: 6%, Train Perplexity: 1.1979
INFO:trainer_utils.supervised_trainer:Progress: 6%, Train Perplexity: 1.2106
INFO:trainer_utils.supervised_trainer:Progress: 6%, Train Perplexity: 1.1919
INFO:trainer_utils.supervised_trainer:Progress: 7%, Train Perplexity: 1.1864
INFO:trainer_utils.supervised_trainer:Progress: 7%, Train Perplexity: 1.2084
INFO:trainer_utils.supervised_trainer:Progress: 7%, Train Perplexity: 1.1945
INFO:trainer_utils.supervised_trainer:Progress: 7%, Train Perplexity: 1.1827
INFO:trainer_utils.supervised_trainer:Progress: 7%, Train Perplexity: 1.2050
INFO:trainer_utils.supervised_trainer:Progress: 7%, Train Perplexity: 1.1808
INFO:trainer_utils.supervised_trainer:Progress: 7%, Train Perplexity: 1.1913
INFO:trainer_utils.supervised_trainer:Progress: 7%, Train Perplexity: 1.1998
INFO:trainer_utils.supervised_trainer:Progress: 7%, Train Perplexity: 1.1884
INFO:trainer_utils.supervised_trainer:Progress: 7%, Train Perplexity: 1.1886
INFO:trainer_utils.supervised_trainer:Progress: 7%, Train Perplexity: 1.1777
INFO:trainer_utils.supervised_trainer:Progress: 7%, Train Perplexity: 1.2054
INFO:trainer_utils.supervised_trainer:Progress: 7%, Train Perplexity: 1.1988
INFO:trainer_utils.supervised_trainer:Progress: 7%, Train Perplexity: 1.1764
INFO:trainer_utils.supervised_trainer:Progress: 7%, Train Perplexity: 1.1856
INFO:trainer_utils.supervised_trainer:Progress: 7%, Train Perplexity: 1.1855
INFO:trainer_utils.supervised_trainer:Progress: 7%, Train Perplexity: 1.1846
INFO:trainer_utils.supervised_trainer:Progress: 7%, Train Perplexity: 1.1980
INFO:trainer_utils.supervised_trainer:Progress: 7%, Train Perplexity: 1.1924
INFO:trainer_utils.supervised_trainer:Progress: 7%, Train Perplexity: 1.1839
INFO:trainer_utils.supervised_trainer:Progress: 7%, Train Perplexity: 1.1886
INFO:trainer_utils.supervised_trainer:Progress: 7%, Train Perplexity: 1.2034
INFO:trainer_utils.supervised_trainer:Progress: 7%, Train Perplexity: 1.1875
INFO:trainer_utils.supervised_trainer:Progress: 7%, Train Perplexity: 1.1916
INFO:trainer_utils.supervised_trainer:Progress: 7%, Train Perplexity: 1.1798
INFO:trainer_utils.supervised_trainer:Progress: 8%, Train Perplexity: 1.1841
INFO:trainer_utils.supervised_trainer:Progress: 8%, Train Perplexity: 1.1945
INFO:trainer_utils.supervised_trainer:Progress: 8%, Train Perplexity: 1.1777
INFO:trainer_utils.supervised_trainer:Progress: 8%, Train Perplexity: 1.1828
INFO:trainer_utils.supervised_trainer:Progress: 8%, Train Perplexity: 1.1723
INFO:trainer_utils.supervised_trainer:Progress: 8%, Train Perplexity: 1.1850
INFO:trainer_utils.supervised_trainer:Progress: 8%, Train Perplexity: 1.1841
INFO:trainer_utils.supervised_trainer:Progress: 8%, Train Perplexity: 1.1696
INFO:trainer_utils.supervised_trainer:Progress: 8%, Train Perplexity: 1.1822
INFO:trainer_utils.supervised_trainer:Progress: 8%, Train Perplexity: 1.1836
INFO:trainer_utils.supervised_trainer:Progress: 8%, Train Perplexity: 1.1884
INFO:trainer_utils.supervised_trainer:Progress: 8%, Train Perplexity: 1.1748
INFO:trainer_utils.supervised_trainer:Progress: 8%, Train Perplexity: 1.2069
INFO:trainer_utils.supervised_trainer:Progress: 8%, Train Perplexity: 1.1838
INFO:trainer_utils.supervised_trainer:Progress: 8%, Train Perplexity: 1.1861
INFO:trainer_utils.supervised_trainer:Progress: 8%, Train Perplexity: 1.1802
INFO:trainer_utils.supervised_trainer:Progress: 8%, Train Perplexity: 1.1629
INFO:trainer_utils.supervised_trainer:Progress: 8%, Train Perplexity: 1.1675
INFO:trainer_utils.supervised_trainer:Progress: 8%, Train Perplexity: 1.1677
INFO:trainer_utils.supervised_trainer:Progress: 8%, Train Perplexity: 1.1677
INFO:trainer_utils.supervised_trainer:Progress: 8%, Train Perplexity: 1.1729
INFO:trainer_utils.supervised_trainer:Progress: 8%, Train Perplexity: 1.1830
INFO:trainer_utils.supervised_trainer:Progress: 8%, Train Perplexity: 1.1653
INFO:trainer_utils.supervised_trainer:Progress: 8%, Train Perplexity: 1.1763
INFO:trainer_utils.supervised_trainer:Progress: 8%, Train Perplexity: 1.1700
INFO:trainer_utils.supervised_trainer:Progress: 9%, Train Perplexity: 1.1662
INFO:trainer_utils.supervised_trainer:Progress: 9%, Train Perplexity: 1.1620
INFO:trainer_utils.supervised_trainer:Progress: 9%, Train Perplexity: 1.1700
INFO:trainer_utils.supervised_trainer:Progress: 9%, Train Perplexity: 1.1608
INFO:trainer_utils.supervised_trainer:Progress: 9%, Train Perplexity: 1.1842
INFO:trainer_utils.supervised_trainer:Progress: 9%, Train Perplexity: 1.1604
INFO:trainer_utils.supervised_trainer:Progress: 9%, Train Perplexity: 1.1668
INFO:trainer_utils.supervised_trainer:Progress: 9%, Train Perplexity: 1.1797
INFO:trainer_utils.supervised_trainer:Progress: 9%, Train Perplexity: 1.1663
INFO:trainer_utils.supervised_trainer:Progress: 9%, Train Perplexity: 1.1666
INFO:trainer_utils.supervised_trainer:Progress: 9%, Train Perplexity: 1.1779
INFO:trainer_utils.supervised_trainer:Progress: 9%, Train Perplexity: 1.1638
INFO:trainer_utils.supervised_trainer:Progress: 9%, Train Perplexity: 1.1645
INFO:trainer_utils.supervised_trainer:Progress: 9%, Train Perplexity: 1.1645
INFO:trainer_utils.supervised_trainer:Progress: 9%, Train Perplexity: 1.1648
INFO:trainer_utils.supervised_trainer:Progress: 9%, Train Perplexity: 1.1660
INFO:trainer_utils.supervised_trainer:Progress: 9%, Train Perplexity: 1.1690
INFO:trainer_utils.supervised_trainer:Progress: 9%, Train Perplexity: 1.1640
INFO:trainer_utils.supervised_trainer:Progress: 9%, Train Perplexity: 1.1759
INFO:trainer_utils.supervised_trainer:Progress: 9%, Train Perplexity: 1.1549
INFO:trainer_utils.supervised_trainer:Progress: 9%, Train Perplexity: 1.1661
INFO:trainer_utils.supervised_trainer:Progress: 9%, Train Perplexity: 1.1640
INFO:trainer_utils.supervised_trainer:Progress: 9%, Train Perplexity: 1.1673
INFO:trainer_utils.supervised_trainer:Progress: 9%, Train Perplexity: 1.1595
INFO:trainer_utils.supervised_trainer:Progress: 9%, Train Perplexity: 1.1696
INFO:trainer_utils.supervised_trainer:Progress: 10%, Train Perplexity: 1.1622
INFO:trainer_utils.supervised_trainer:Finished epoch 1: Train Perplexity: 1.5009, Dev Perplexity: 1.1770, Accuracy: 0.9430
INFO:trainer_utils.supervised_trainer:Epoch: 2, Step: 25000
INFO:trainer_utils.supervised_trainer:Progress: 10%, Train Perplexity: 1.1553
INFO:trainer_utils.supervised_trainer:Progress: 10%, Train Perplexity: 1.1558
INFO:trainer_utils.supervised_trainer:Progress: 10%, Train Perplexity: 1.1447
INFO:trainer_utils.supervised_trainer:Progress: 10%, Train Perplexity: 1.1523
INFO:trainer_utils.supervised_trainer:Progress: 10%, Train Perplexity: 1.1629
INFO:trainer_utils.supervised_trainer:Progress: 10%, Train Perplexity: 1.1635
INFO:trainer_utils.supervised_trainer:Progress: 10%, Train Perplexity: 1.1590
INFO:trainer_utils.supervised_trainer:Progress: 10%, Train Perplexity: 1.1694
INFO:trainer_utils.supervised_trainer:Progress: 10%, Train Perplexity: 1.1639
INFO:trainer_utils.supervised_trainer:Progress: 10%, Train Perplexity: 1.1563
INFO:trainer_utils.supervised_trainer:Progress: 10%, Train Perplexity: 1.1512
INFO:trainer_utils.supervised_trainer:Progress: 10%, Train Perplexity: 1.1537
INFO:trainer_utils.supervised_trainer:Progress: 10%, Train Perplexity: 1.1654
INFO:trainer_utils.supervised_trainer:Progress: 10%, Train Perplexity: 1.1600
INFO:trainer_utils.supervised_trainer:Progress: 10%, Train Perplexity: 1.1498
INFO:trainer_utils.supervised_trainer:Progress: 10%, Train Perplexity: 1.1648
INFO:trainer_utils.supervised_trainer:Progress: 10%, Train Perplexity: 1.1628
INFO:trainer_utils.supervised_trainer:Progress: 10%, Train Perplexity: 1.1462
INFO:trainer_utils.supervised_trainer:Progress: 10%, Train Perplexity: 1.1674
INFO:trainer_utils.supervised_trainer:Progress: 10%, Train Perplexity: 1.1610
INFO:trainer_utils.supervised_trainer:Progress: 10%, Train Perplexity: 1.1513
INFO:trainer_utils.supervised_trainer:Progress: 10%, Train Perplexity: 1.1570
INFO:trainer_utils.supervised_trainer:Progress: 10%, Train Perplexity: 1.1456
INFO:trainer_utils.supervised_trainer:Progress: 10%, Train Perplexity: 1.1520
INFO:trainer_utils.supervised_trainer:Progress: 11%, Train Perplexity: 1.1672
INFO:trainer_utils.supervised_trainer:Progress: 11%, Train Perplexity: 1.1390
INFO:trainer_utils.supervised_trainer:Progress: 11%, Train Perplexity: 1.1570
INFO:trainer_utils.supervised_trainer:Progress: 11%, Train Perplexity: 1.1596
INFO:trainer_utils.supervised_trainer:Progress: 11%, Train Perplexity: 1.1588
INFO:trainer_utils.supervised_trainer:Progress: 11%, Train Perplexity: 1.1526
INFO:trainer_utils.supervised_trainer:Progress: 11%, Train Perplexity: 1.1504
INFO:trainer_utils.supervised_trainer:Progress: 11%, Train Perplexity: 1.1608
INFO:trainer_utils.supervised_trainer:Progress: 11%, Train Perplexity: 1.1452
INFO:trainer_utils.supervised_trainer:Progress: 11%, Train Perplexity: 1.1533
INFO:trainer_utils.supervised_trainer:Progress: 11%, Train Perplexity: 1.1478
INFO:trainer_utils.supervised_trainer:Progress: 11%, Train Perplexity: 1.1573
INFO:trainer_utils.supervised_trainer:Progress: 11%, Train Perplexity: 1.1596
INFO:trainer_utils.supervised_trainer:Progress: 11%, Train Perplexity: 1.1444
INFO:trainer_utils.supervised_trainer:Progress: 11%, Train Perplexity: 1.1414
INFO:trainer_utils.supervised_trainer:Progress: 11%, Train Perplexity: 1.1423
INFO:trainer_utils.supervised_trainer:Progress: 11%, Train Perplexity: 1.1525
INFO:trainer_utils.supervised_trainer:Progress: 11%, Train Perplexity: 1.1439
INFO:trainer_utils.supervised_trainer:Progress: 11%, Train Perplexity: 1.1719
INFO:trainer_utils.supervised_trainer:Progress: 11%, Train Perplexity: 1.1514
INFO:trainer_utils.supervised_trainer:Progress: 11%, Train Perplexity: 1.1473
INFO:trainer_utils.supervised_trainer:Progress: 11%, Train Perplexity: 1.1332
INFO:trainer_utils.supervised_trainer:Progress: 11%, Train Perplexity: 1.1353
INFO:trainer_utils.supervised_trainer:Progress: 11%, Train Perplexity: 1.1469
INFO:trainer_utils.supervised_trainer:Progress: 11%, Train Perplexity: 1.1661
INFO:trainer_utils.supervised_trainer:Progress: 12%, Train Perplexity: 1.1395
INFO:trainer_utils.supervised_trainer:Progress: 12%, Train Perplexity: 1.1407
INFO:trainer_utils.supervised_trainer:Progress: 12%, Train Perplexity: 1.1604
INFO:trainer_utils.supervised_trainer:Progress: 12%, Train Perplexity: 1.1471
INFO:trainer_utils.supervised_trainer:Progress: 12%, Train Perplexity: 1.1387
INFO:trainer_utils.supervised_trainer:Progress: 12%, Train Perplexity: 1.1386
INFO:trainer_utils.supervised_trainer:Progress: 12%, Train Perplexity: 1.1423
INFO:trainer_utils.supervised_trainer:Progress: 12%, Train Perplexity: 1.1510
INFO:trainer_utils.supervised_trainer:Progress: 12%, Train Perplexity: 1.1538
INFO:trainer_utils.supervised_trainer:Progress: 12%, Train Perplexity: 1.1388
INFO:trainer_utils.supervised_trainer:Progress: 12%, Train Perplexity: 1.1485
INFO:trainer_utils.supervised_trainer:Progress: 12%, Train Perplexity: 1.1511
INFO:trainer_utils.supervised_trainer:Progress: 12%, Train Perplexity: 1.1491
INFO:trainer_utils.supervised_trainer:Progress: 12%, Train Perplexity: 1.1443
INFO:trainer_utils.supervised_trainer:Progress: 12%, Train Perplexity: 1.1384
INFO:trainer_utils.supervised_trainer:Progress: 12%, Train Perplexity: 1.1513
INFO:trainer_utils.supervised_trainer:Progress: 12%, Train Perplexity: 1.1492
INFO:trainer_utils.supervised_trainer:Progress: 12%, Train Perplexity: 1.1505
INFO:trainer_utils.supervised_trainer:Progress: 12%, Train Perplexity: 1.1447
INFO:trainer_utils.supervised_trainer:Progress: 12%, Train Perplexity: 1.1441
INFO:trainer_utils.supervised_trainer:Progress: 12%, Train Perplexity: 1.1485
INFO:trainer_utils.supervised_trainer:Progress: 12%, Train Perplexity: 1.1447
INFO:trainer_utils.supervised_trainer:Progress: 12%, Train Perplexity: 1.1332
INFO:trainer_utils.supervised_trainer:Progress: 12%, Train Perplexity: 1.1322
INFO:trainer_utils.supervised_trainer:Progress: 12%, Train Perplexity: 1.1520
INFO:trainer_utils.supervised_trainer:Progress: 13%, Train Perplexity: 1.1387
INFO:trainer_utils.supervised_trainer:Progress: 13%, Train Perplexity: 1.1365
INFO:trainer_utils.supervised_trainer:Progress: 13%, Train Perplexity: 1.1378
INFO:trainer_utils.supervised_trainer:Progress: 13%, Train Perplexity: 1.1378
INFO:trainer_utils.supervised_trainer:Progress: 13%, Train Perplexity: 1.1368
INFO:trainer_utils.supervised_trainer:Progress: 13%, Train Perplexity: 1.1419
INFO:trainer_utils.supervised_trainer:Progress: 13%, Train Perplexity: 1.1559
INFO:trainer_utils.supervised_trainer:Progress: 13%, Train Perplexity: 1.1324
INFO:trainer_utils.supervised_trainer:Progress: 13%, Train Perplexity: 1.1558
INFO:trainer_utils.supervised_trainer:Progress: 13%, Train Perplexity: 1.1564
INFO:trainer_utils.supervised_trainer:Progress: 13%, Train Perplexity: 1.1527
INFO:trainer_utils.supervised_trainer:Progress: 13%, Train Perplexity: 1.1508
INFO:trainer_utils.supervised_trainer:Progress: 13%, Train Perplexity: 1.1365
INFO:trainer_utils.supervised_trainer:Progress: 13%, Train Perplexity: 1.1527
INFO:trainer_utils.supervised_trainer:Progress: 13%, Train Perplexity: 1.1309
INFO:trainer_utils.supervised_trainer:Progress: 13%, Train Perplexity: 1.1468
INFO:trainer_utils.supervised_trainer:Progress: 13%, Train Perplexity: 1.1379
INFO:trainer_utils.supervised_trainer:Progress: 13%, Train Perplexity: 1.1408
INFO:trainer_utils.supervised_trainer:Progress: 13%, Train Perplexity: 1.1428
INFO:trainer_utils.supervised_trainer:Progress: 13%, Train Perplexity: 1.1450
INFO:trainer_utils.supervised_trainer:Progress: 13%, Train Perplexity: 1.1339
INFO:trainer_utils.supervised_trainer:Progress: 13%, Train Perplexity: 1.1385
INFO:trainer_utils.supervised_trainer:Progress: 13%, Train Perplexity: 1.1413
INFO:trainer_utils.supervised_trainer:Progress: 13%, Train Perplexity: 1.1353
INFO:trainer_utils.supervised_trainer:Progress: 13%, Train Perplexity: 1.1315
INFO:trainer_utils.supervised_trainer:Progress: 14%, Train Perplexity: 1.1311
INFO:trainer_utils.supervised_trainer:Progress: 14%, Train Perplexity: 1.1432
INFO:trainer_utils.supervised_trainer:Progress: 14%, Train Perplexity: 1.1366
INFO:trainer_utils.supervised_trainer:Progress: 14%, Train Perplexity: 1.1457
INFO:trainer_utils.supervised_trainer:Progress: 14%, Train Perplexity: 1.1372
INFO:trainer_utils.supervised_trainer:Progress: 14%, Train Perplexity: 1.1463
INFO:trainer_utils.supervised_trainer:Progress: 14%, Train Perplexity: 1.1428
INFO:trainer_utils.supervised_trainer:Progress: 14%, Train Perplexity: 1.1382
INFO:trainer_utils.supervised_trainer:Progress: 14%, Train Perplexity: 1.1439
INFO:trainer_utils.supervised_trainer:Progress: 14%, Train Perplexity: 1.1478
INFO:trainer_utils.supervised_trainer:Progress: 14%, Train Perplexity: 1.1328
INFO:trainer_utils.supervised_trainer:Progress: 14%, Train Perplexity: 1.1299
INFO:trainer_utils.supervised_trainer:Progress: 14%, Train Perplexity: 1.1530
INFO:trainer_utils.supervised_trainer:Progress: 14%, Train Perplexity: 1.1457
INFO:trainer_utils.supervised_trainer:Progress: 14%, Train Perplexity: 1.1318
INFO:trainer_utils.supervised_trainer:Progress: 14%, Train Perplexity: 1.1260
INFO:trainer_utils.supervised_trainer:Progress: 14%, Train Perplexity: 1.1364
INFO:trainer_utils.supervised_trainer:Progress: 14%, Train Perplexity: 1.1333
INFO:trainer_utils.supervised_trainer:Progress: 14%, Train Perplexity: 1.1274
INFO:trainer_utils.supervised_trainer:Progress: 14%, Train Perplexity: 1.1351
INFO:trainer_utils.supervised_trainer:Progress: 14%, Train Perplexity: 1.1310
INFO:trainer_utils.supervised_trainer:Progress: 14%, Train Perplexity: 1.1302
INFO:trainer_utils.supervised_trainer:Progress: 14%, Train Perplexity: 1.1269
INFO:trainer_utils.supervised_trainer:Progress: 14%, Train Perplexity: 1.1309
INFO:trainer_utils.supervised_trainer:Progress: 14%, Train Perplexity: 1.1207
INFO:trainer_utils.supervised_trainer:Progress: 15%, Train Perplexity: 1.1349
INFO:trainer_utils.supervised_trainer:Progress: 15%, Train Perplexity: 1.1321
INFO:trainer_utils.supervised_trainer:Progress: 15%, Train Perplexity: 1.1403
INFO:trainer_utils.supervised_trainer:Progress: 15%, Train Perplexity: 1.1353
INFO:trainer_utils.supervised_trainer:Progress: 15%, Train Perplexity: 1.1230
INFO:trainer_utils.supervised_trainer:Progress: 15%, Train Perplexity: 1.1312
INFO:trainer_utils.supervised_trainer:Progress: 15%, Train Perplexity: 1.1379
INFO:trainer_utils.supervised_trainer:Progress: 15%, Train Perplexity: 1.1357
INFO:trainer_utils.supervised_trainer:Progress: 15%, Train Perplexity: 1.1338
INFO:trainer_utils.supervised_trainer:Progress: 15%, Train Perplexity: 1.1449
INFO:trainer_utils.supervised_trainer:Progress: 15%, Train Perplexity: 1.1427
INFO:trainer_utils.supervised_trainer:Progress: 15%, Train Perplexity: 1.1365
INFO:trainer_utils.supervised_trainer:Progress: 15%, Train Perplexity: 1.1409
INFO:trainer_utils.supervised_trainer:Progress: 15%, Train Perplexity: 1.1206
INFO:trainer_utils.supervised_trainer:Progress: 15%, Train Perplexity: 1.1455
INFO:trainer_utils.supervised_trainer:Progress: 15%, Train Perplexity: 1.1328
INFO:trainer_utils.supervised_trainer:Progress: 15%, Train Perplexity: 1.1279
INFO:trainer_utils.supervised_trainer:Progress: 15%, Train Perplexity: 1.1289
INFO:trainer_utils.supervised_trainer:Progress: 15%, Train Perplexity: 1.1404
INFO:trainer_utils.supervised_trainer:Progress: 15%, Train Perplexity: 1.1268
INFO:trainer_utils.supervised_trainer:Progress: 15%, Train Perplexity: 1.1265
INFO:trainer_utils.supervised_trainer:Progress: 15%, Train Perplexity: 1.1338
INFO:trainer_utils.supervised_trainer:Progress: 15%, Train Perplexity: 1.1199
INFO:trainer_utils.supervised_trainer:Progress: 15%, Train Perplexity: 1.1276
INFO:trainer_utils.supervised_trainer:Progress: 15%, Train Perplexity: 1.1218
INFO:trainer_utils.supervised_trainer:Progress: 16%, Train Perplexity: 1.1449
INFO:trainer_utils.supervised_trainer:Progress: 16%, Train Perplexity: 1.1369
INFO:trainer_utils.supervised_trainer:Progress: 16%, Train Perplexity: 1.1354
INFO:trainer_utils.supervised_trainer:Progress: 16%, Train Perplexity: 1.1238
INFO:trainer_utils.supervised_trainer:Progress: 16%, Train Perplexity: 1.1220
INFO:trainer_utils.supervised_trainer:Progress: 16%, Train Perplexity: 1.1330
INFO:trainer_utils.supervised_trainer:Progress: 16%, Train Perplexity: 1.1250
INFO:trainer_utils.supervised_trainer:Progress: 16%, Train Perplexity: 1.1344
INFO:trainer_utils.supervised_trainer:Progress: 16%, Train Perplexity: 1.1311
INFO:trainer_utils.supervised_trainer:Progress: 16%, Train Perplexity: 1.1243
INFO:trainer_utils.supervised_trainer:Progress: 16%, Train Perplexity: 1.1263
INFO:trainer_utils.supervised_trainer:Progress: 16%, Train Perplexity: 1.1268
INFO:trainer_utils.supervised_trainer:Progress: 16%, Train Perplexity: 1.1341
INFO:trainer_utils.supervised_trainer:Progress: 16%, Train Perplexity: 1.1373
INFO:trainer_utils.supervised_trainer:Progress: 16%, Train Perplexity: 1.1222
INFO:trainer_utils.supervised_trainer:Progress: 16%, Train Perplexity: 1.1302
INFO:trainer_utils.supervised_trainer:Progress: 16%, Train Perplexity: 1.1280
INFO:trainer_utils.supervised_trainer:Progress: 16%, Train Perplexity: 1.1350
INFO:trainer_utils.supervised_trainer:Progress: 16%, Train Perplexity: 1.1306
INFO:trainer_utils.supervised_trainer:Progress: 16%, Train Perplexity: 1.1387
INFO:trainer_utils.supervised_trainer:Progress: 16%, Train Perplexity: 1.1382
INFO:trainer_utils.supervised_trainer:Progress: 16%, Train Perplexity: 1.1184
INFO:trainer_utils.supervised_trainer:Progress: 16%, Train Perplexity: 1.1257
INFO:trainer_utils.supervised_trainer:Progress: 16%, Train Perplexity: 1.1158
INFO:trainer_utils.supervised_trainer:Progress: 16%, Train Perplexity: 1.1193
INFO:trainer_utils.supervised_trainer:Progress: 17%, Train Perplexity: 1.1307
INFO:trainer_utils.supervised_trainer:Progress: 17%, Train Perplexity: 1.1321
INFO:trainer_utils.supervised_trainer:Progress: 17%, Train Perplexity: 1.1268
INFO:trainer_utils.supervised_trainer:Progress: 17%, Train Perplexity: 1.1149
INFO:trainer_utils.supervised_trainer:Progress: 17%, Train Perplexity: 1.1332
INFO:trainer_utils.supervised_trainer:Progress: 17%, Train Perplexity: 1.1414
INFO:trainer_utils.supervised_trainer:Progress: 17%, Train Perplexity: 1.1246
INFO:trainer_utils.supervised_trainer:Progress: 17%, Train Perplexity: 1.1207
INFO:trainer_utils.supervised_trainer:Progress: 17%, Train Perplexity: 1.1240
INFO:trainer_utils.supervised_trainer:Progress: 17%, Train Perplexity: 1.1181
INFO:trainer_utils.supervised_trainer:Progress: 17%, Train Perplexity: 1.1124
INFO:trainer_utils.supervised_trainer:Progress: 17%, Train Perplexity: 1.1291
INFO:trainer_utils.supervised_trainer:Progress: 17%, Train Perplexity: 1.1259
INFO:trainer_utils.supervised_trainer:Progress: 17%, Train Perplexity: 1.1300
INFO:trainer_utils.supervised_trainer:Progress: 17%, Train Perplexity: 1.1139
INFO:trainer_utils.supervised_trainer:Progress: 17%, Train Perplexity: 1.1221
INFO:trainer_utils.supervised_trainer:Progress: 17%, Train Perplexity: 1.1205
INFO:trainer_utils.supervised_trainer:Progress: 17%, Train Perplexity: 1.1194
INFO:trainer_utils.supervised_trainer:Progress: 17%, Train Perplexity: 1.1333
INFO:trainer_utils.supervised_trainer:Progress: 17%, Train Perplexity: 1.1144
INFO:trainer_utils.supervised_trainer:Progress: 17%, Train Perplexity: 1.1311
INFO:trainer_utils.supervised_trainer:Progress: 17%, Train Perplexity: 1.1161
INFO:trainer_utils.supervised_trainer:Progress: 17%, Train Perplexity: 1.1239
INFO:trainer_utils.supervised_trainer:Progress: 17%, Train Perplexity: 1.1294
INFO:trainer_utils.supervised_trainer:Progress: 17%, Train Perplexity: 1.1453
INFO:trainer_utils.supervised_trainer:Progress: 18%, Train Perplexity: 1.1219
INFO:trainer_utils.supervised_trainer:Progress: 18%, Train Perplexity: 1.1302
INFO:trainer_utils.supervised_trainer:Progress: 18%, Train Perplexity: 1.1227
INFO:trainer_utils.supervised_trainer:Progress: 18%, Train Perplexity: 1.1392
INFO:trainer_utils.supervised_trainer:Progress: 18%, Train Perplexity: 1.1229
INFO:trainer_utils.supervised_trainer:Progress: 18%, Train Perplexity: 1.1249
INFO:trainer_utils.supervised_trainer:Progress: 18%, Train Perplexity: 1.1258
INFO:trainer_utils.supervised_trainer:Progress: 18%, Train Perplexity: 1.1280
INFO:trainer_utils.supervised_trainer:Progress: 18%, Train Perplexity: 1.1314
INFO:trainer_utils.supervised_trainer:Progress: 18%, Train Perplexity: 1.1148
INFO:trainer_utils.supervised_trainer:Progress: 18%, Train Perplexity: 1.1276
INFO:trainer_utils.supervised_trainer:Progress: 18%, Train Perplexity: 1.1323
INFO:trainer_utils.supervised_trainer:Progress: 18%, Train Perplexity: 1.1167
INFO:trainer_utils.supervised_trainer:Progress: 18%, Train Perplexity: 1.1137
INFO:trainer_utils.supervised_trainer:Progress: 18%, Train Perplexity: 1.1174
INFO:trainer_utils.supervised_trainer:Progress: 18%, Train Perplexity: 1.1111
INFO:trainer_utils.supervised_trainer:Progress: 18%, Train Perplexity: 1.1291
INFO:trainer_utils.supervised_trainer:Progress: 18%, Train Perplexity: 1.1176
INFO:trainer_utils.supervised_trainer:Progress: 18%, Train Perplexity: 1.1164
INFO:trainer_utils.supervised_trainer:Progress: 18%, Train Perplexity: 1.1315
INFO:trainer_utils.supervised_trainer:Progress: 18%, Train Perplexity: 1.1204
INFO:trainer_utils.supervised_trainer:Progress: 18%, Train Perplexity: 1.1112
INFO:trainer_utils.supervised_trainer:Progress: 18%, Train Perplexity: 1.1178
INFO:trainer_utils.supervised_trainer:Progress: 18%, Train Perplexity: 1.1234
INFO:trainer_utils.supervised_trainer:Progress: 18%, Train Perplexity: 1.1145
INFO:trainer_utils.supervised_trainer:Progress: 19%, Train Perplexity: 1.1152
INFO:trainer_utils.supervised_trainer:Progress: 19%, Train Perplexity: 1.1197
INFO:trainer_utils.supervised_trainer:Progress: 19%, Train Perplexity: 1.1213
INFO:trainer_utils.supervised_trainer:Progress: 19%, Train Perplexity: 1.1297
INFO:trainer_utils.supervised_trainer:Progress: 19%, Train Perplexity: 1.1208
INFO:trainer_utils.supervised_trainer:Progress: 19%, Train Perplexity: 1.1135
INFO:trainer_utils.supervised_trainer:Progress: 19%, Train Perplexity: 1.1073
INFO:trainer_utils.supervised_trainer:Progress: 19%, Train Perplexity: 1.1250
INFO:trainer_utils.supervised_trainer:Progress: 19%, Train Perplexity: 1.1124
INFO:trainer_utils.supervised_trainer:Progress: 19%, Train Perplexity: 1.1069
INFO:trainer_utils.supervised_trainer:Progress: 19%, Train Perplexity: 1.1106
INFO:trainer_utils.supervised_trainer:Progress: 19%, Train Perplexity: 1.1085
INFO:trainer_utils.supervised_trainer:Progress: 19%, Train Perplexity: 1.1356
INFO:trainer_utils.supervised_trainer:Progress: 19%, Train Perplexity: 1.1121
INFO:trainer_utils.supervised_trainer:Progress: 19%, Train Perplexity: 1.1242
INFO:trainer_utils.supervised_trainer:Progress: 19%, Train Perplexity: 1.1211
INFO:trainer_utils.supervised_trainer:Progress: 19%, Train Perplexity: 1.1160
INFO:trainer_utils.supervised_trainer:Progress: 19%, Train Perplexity: 1.1081
INFO:trainer_utils.supervised_trainer:Progress: 19%, Train Perplexity: 1.1231
INFO:trainer_utils.supervised_trainer:Progress: 19%, Train Perplexity: 1.1205
INFO:trainer_utils.supervised_trainer:Progress: 19%, Train Perplexity: 1.1150
INFO:trainer_utils.supervised_trainer:Progress: 19%, Train Perplexity: 1.1175
INFO:trainer_utils.supervised_trainer:Progress: 19%, Train Perplexity: 1.1114
INFO:trainer_utils.supervised_trainer:Progress: 19%, Train Perplexity: 1.1163
INFO:trainer_utils.supervised_trainer:Progress: 19%, Train Perplexity: 1.1077
INFO:trainer_utils.supervised_trainer:Progress: 20%, Train Perplexity: 1.1228
INFO:trainer_utils.supervised_trainer:Finished epoch 2: Train Perplexity: 1.1358, Dev Perplexity: 1.1189, Accuracy: 0.9603
INFO:trainer_utils.supervised_trainer:Epoch: 3, Step: 50000
INFO:trainer_utils.supervised_trainer:Progress: 20%, Train Perplexity: 1.1191
INFO:trainer_utils.supervised_trainer:Progress: 20%, Train Perplexity: 1.1020
INFO:trainer_utils.supervised_trainer:Progress: 20%, Train Perplexity: 1.1164
INFO:trainer_utils.supervised_trainer:Progress: 20%, Train Perplexity: 1.1156
INFO:trainer_utils.supervised_trainer:Progress: 20%, Train Perplexity: 1.1236
INFO:trainer_utils.supervised_trainer:Progress: 20%, Train Perplexity: 1.1167
INFO:trainer_utils.supervised_trainer:Progress: 20%, Train Perplexity: 1.1044
INFO:trainer_utils.supervised_trainer:Progress: 20%, Train Perplexity: 1.0989
INFO:trainer_utils.supervised_trainer:Progress: 20%, Train Perplexity: 1.1102
INFO:trainer_utils.supervised_trainer:Progress: 20%, Train Perplexity: 1.1170
INFO:trainer_utils.supervised_trainer:Progress: 20%, Train Perplexity: 1.1130
INFO:trainer_utils.supervised_trainer:Progress: 20%, Train Perplexity: 1.1163
INFO:trainer_utils.supervised_trainer:Progress: 20%, Train Perplexity: 1.1119
INFO:trainer_utils.supervised_trainer:Progress: 20%, Train Perplexity: 1.1111
INFO:trainer_utils.supervised_trainer:Progress: 20%, Train Perplexity: 1.1130
INFO:trainer_utils.supervised_trainer:Progress: 20%, Train Perplexity: 1.0976
INFO:trainer_utils.supervised_trainer:Progress: 20%, Train Perplexity: 1.1057
INFO:trainer_utils.supervised_trainer:Progress: 20%, Train Perplexity: 1.1056
INFO:trainer_utils.supervised_trainer:Progress: 20%, Train Perplexity: 1.1084
INFO:trainer_utils.supervised_trainer:Progress: 20%, Train Perplexity: 1.1230
INFO:trainer_utils.supervised_trainer:Progress: 20%, Train Perplexity: 1.1129
INFO:trainer_utils.supervised_trainer:Progress: 20%, Train Perplexity: 1.1105
INFO:trainer_utils.supervised_trainer:Progress: 20%, Train Perplexity: 1.1219
INFO:trainer_utils.supervised_trainer:Progress: 20%, Train Perplexity: 1.1045
INFO:trainer_utils.supervised_trainer:Progress: 21%, Train Perplexity: 1.1251
INFO:trainer_utils.supervised_trainer:Progress: 21%, Train Perplexity: 1.1245
INFO:trainer_utils.supervised_trainer:Progress: 21%, Train Perplexity: 1.1122
INFO:trainer_utils.supervised_trainer:Progress: 21%, Train Perplexity: 1.1075
INFO:trainer_utils.supervised_trainer:Progress: 21%, Train Perplexity: 1.1096
INFO:trainer_utils.supervised_trainer:Progress: 21%, Train Perplexity: 1.1210
INFO:trainer_utils.supervised_trainer:Progress: 21%, Train Perplexity: 1.1148
INFO:trainer_utils.supervised_trainer:Progress: 21%, Train Perplexity: 1.1024
INFO:trainer_utils.supervised_trainer:Progress: 21%, Train Perplexity: 1.1079
INFO:trainer_utils.supervised_trainer:Progress: 21%, Train Perplexity: 1.0914
INFO:trainer_utils.supervised_trainer:Progress: 21%, Train Perplexity: 1.1120
INFO:trainer_utils.supervised_trainer:Progress: 21%, Train Perplexity: 1.1126
INFO:trainer_utils.supervised_trainer:Progress: 21%, Train Perplexity: 1.1083
INFO:trainer_utils.supervised_trainer:Progress: 21%, Train Perplexity: 1.1012
INFO:trainer_utils.supervised_trainer:Progress: 21%, Train Perplexity: 1.1135
INFO:trainer_utils.supervised_trainer:Progress: 21%, Train Perplexity: 1.1085
INFO:trainer_utils.supervised_trainer:Progress: 21%, Train Perplexity: 1.1123
INFO:trainer_utils.supervised_trainer:Progress: 21%, Train Perplexity: 1.1180
INFO:trainer_utils.supervised_trainer:Progress: 21%, Train Perplexity: 1.1119
INFO:trainer_utils.supervised_trainer:Progress: 21%, Train Perplexity: 1.1009
INFO:trainer_utils.supervised_trainer:Progress: 21%, Train Perplexity: 1.1065
INFO:trainer_utils.supervised_trainer:Progress: 21%, Train Perplexity: 1.1124
INFO:trainer_utils.supervised_trainer:Progress: 21%, Train Perplexity: 1.0938
INFO:trainer_utils.supervised_trainer:Progress: 21%, Train Perplexity: 1.1251
INFO:trainer_utils.supervised_trainer:Progress: 21%, Train Perplexity: 1.1013
INFO:trainer_utils.supervised_trainer:Progress: 22%, Train Perplexity: 1.1130
INFO:trainer_utils.supervised_trainer:Progress: 22%, Train Perplexity: 1.1162
INFO:trainer_utils.supervised_trainer:Progress: 22%, Train Perplexity: 1.1059
INFO:trainer_utils.supervised_trainer:Progress: 22%, Train Perplexity: 1.1099
INFO:trainer_utils.supervised_trainer:Progress: 22%, Train Perplexity: 1.1181
INFO:trainer_utils.supervised_trainer:Progress: 22%, Train Perplexity: 1.1080
INFO:trainer_utils.supervised_trainer:Progress: 22%, Train Perplexity: 1.1012
INFO:trainer_utils.supervised_trainer:Progress: 22%, Train Perplexity: 1.1003
INFO:trainer_utils.supervised_trainer:Progress: 22%, Train Perplexity: 1.1248
INFO:trainer_utils.supervised_trainer:Progress: 22%, Train Perplexity: 1.0900
INFO:trainer_utils.supervised_trainer:Progress: 22%, Train Perplexity: 1.1062
INFO:trainer_utils.supervised_trainer:Progress: 22%, Train Perplexity: 1.1076
INFO:trainer_utils.supervised_trainer:Progress: 22%, Train Perplexity: 1.1117
INFO:trainer_utils.supervised_trainer:Progress: 22%, Train Perplexity: 1.1066
INFO:trainer_utils.supervised_trainer:Progress: 22%, Train Perplexity: 1.0931
INFO:trainer_utils.supervised_trainer:Progress: 22%, Train Perplexity: 1.1104
INFO:trainer_utils.supervised_trainer:Progress: 22%, Train Perplexity: 1.1098
INFO:trainer_utils.supervised_trainer:Progress: 22%, Train Perplexity: 1.1062
INFO:trainer_utils.supervised_trainer:Progress: 22%, Train Perplexity: 1.0911
INFO:trainer_utils.supervised_trainer:Progress: 22%, Train Perplexity: 1.1185
INFO:trainer_utils.supervised_trainer:Progress: 22%, Train Perplexity: 1.1322
INFO:trainer_utils.supervised_trainer:Progress: 22%, Train Perplexity: 1.1026
INFO:trainer_utils.supervised_trainer:Progress: 22%, Train Perplexity: 1.1095
INFO:trainer_utils.supervised_trainer:Progress: 22%, Train Perplexity: 1.0953
INFO:trainer_utils.supervised_trainer:Progress: 22%, Train Perplexity: 1.1227
INFO:trainer_utils.supervised_trainer:Progress: 23%, Train Perplexity: 1.1035
INFO:trainer_utils.supervised_trainer:Progress: 23%, Train Perplexity: 1.1102
INFO:trainer_utils.supervised_trainer:Progress: 23%, Train Perplexity: 1.1170
INFO:trainer_utils.supervised_trainer:Progress: 23%, Train Perplexity: 1.0983
INFO:trainer_utils.supervised_trainer:Progress: 23%, Train Perplexity: 1.1030
INFO:trainer_utils.supervised_trainer:Progress: 23%, Train Perplexity: 1.1059
INFO:trainer_utils.supervised_trainer:Progress: 23%, Train Perplexity: 1.0908
INFO:trainer_utils.supervised_trainer:Progress: 23%, Train Perplexity: 1.1003
INFO:trainer_utils.supervised_trainer:Progress: 23%, Train Perplexity: 1.1197
INFO:trainer_utils.supervised_trainer:Progress: 23%, Train Perplexity: 1.0986
INFO:trainer_utils.supervised_trainer:Progress: 23%, Train Perplexity: 1.1140
INFO:trainer_utils.supervised_trainer:Progress: 23%, Train Perplexity: 1.0995
INFO:trainer_utils.supervised_trainer:Progress: 23%, Train Perplexity: 1.0952
INFO:trainer_utils.supervised_trainer:Progress: 23%, Train Perplexity: 1.1213
INFO:trainer_utils.supervised_trainer:Progress: 23%, Train Perplexity: 1.0967
INFO:trainer_utils.supervised_trainer:Progress: 23%, Train Perplexity: 1.1096
INFO:trainer_utils.supervised_trainer:Progress: 23%, Train Perplexity: 1.1033
INFO:trainer_utils.supervised_trainer:Progress: 23%, Train Perplexity: 1.0991
INFO:trainer_utils.supervised_trainer:Progress: 23%, Train Perplexity: 1.1031
INFO:trainer_utils.supervised_trainer:Progress: 23%, Train Perplexity: 1.0905
INFO:trainer_utils.supervised_trainer:Progress: 23%, Train Perplexity: 1.0979
INFO:trainer_utils.supervised_trainer:Progress: 23%, Train Perplexity: 1.1043
INFO:trainer_utils.supervised_trainer:Progress: 23%, Train Perplexity: 1.1006
INFO:trainer_utils.supervised_trainer:Progress: 23%, Train Perplexity: 1.1097
INFO:trainer_utils.supervised_trainer:Progress: 23%, Train Perplexity: 1.1037
INFO:trainer_utils.supervised_trainer:Progress: 24%, Train Perplexity: 1.1061
INFO:trainer_utils.supervised_trainer:Progress: 24%, Train Perplexity: 1.1003
INFO:trainer_utils.supervised_trainer:Progress: 24%, Train Perplexity: 1.1055
INFO:trainer_utils.supervised_trainer:Progress: 24%, Train Perplexity: 1.1069
INFO:trainer_utils.supervised_trainer:Progress: 24%, Train Perplexity: 1.1007
INFO:trainer_utils.supervised_trainer:Progress: 24%, Train Perplexity: 1.1005
INFO:trainer_utils.supervised_trainer:Progress: 24%, Train Perplexity: 1.0972
INFO:trainer_utils.supervised_trainer:Progress: 24%, Train Perplexity: 1.0965
INFO:trainer_utils.supervised_trainer:Progress: 24%, Train Perplexity: 1.1038
INFO:trainer_utils.supervised_trainer:Progress: 24%, Train Perplexity: 1.1043
INFO:trainer_utils.supervised_trainer:Progress: 24%, Train Perplexity: 1.1189
INFO:trainer_utils.supervised_trainer:Progress: 24%, Train Perplexity: 1.1059
INFO:trainer_utils.supervised_trainer:Progress: 24%, Train Perplexity: 1.0904
INFO:trainer_utils.supervised_trainer:Progress: 24%, Train Perplexity: 1.1057
INFO:trainer_utils.supervised_trainer:Progress: 24%, Train Perplexity: 1.0950
INFO:trainer_utils.supervised_trainer:Progress: 24%, Train Perplexity: 1.0997
INFO:trainer_utils.supervised_trainer:Progress: 24%, Train Perplexity: 1.1026
INFO:trainer_utils.supervised_trainer:Progress: 24%, Train Perplexity: 1.1017
INFO:trainer_utils.supervised_trainer:Progress: 24%, Train Perplexity: 1.1089
INFO:trainer_utils.supervised_trainer:Progress: 24%, Train Perplexity: 1.1060
INFO:trainer_utils.supervised_trainer:Progress: 24%, Train Perplexity: 1.0958
INFO:trainer_utils.supervised_trainer:Progress: 24%, Train Perplexity: 1.1122
INFO:trainer_utils.supervised_trainer:Progress: 24%, Train Perplexity: 1.1033
INFO:trainer_utils.supervised_trainer:Progress: 24%, Train Perplexity: 1.1086
INFO:trainer_utils.supervised_trainer:Progress: 24%, Train Perplexity: 1.1031
INFO:trainer_utils.supervised_trainer:Progress: 25%, Train Perplexity: 1.1211
INFO:trainer_utils.supervised_trainer:Progress: 25%, Train Perplexity: 1.0928
INFO:trainer_utils.supervised_trainer:Progress: 25%, Train Perplexity: 1.0911
INFO:trainer_utils.supervised_trainer:Progress: 25%, Train Perplexity: 1.1054
INFO:trainer_utils.supervised_trainer:Progress: 25%, Train Perplexity: 1.0933
INFO:trainer_utils.supervised_trainer:Progress: 25%, Train Perplexity: 1.0963
INFO:trainer_utils.supervised_trainer:Progress: 25%, Train Perplexity: 1.0911
INFO:trainer_utils.supervised_trainer:Progress: 25%, Train Perplexity: 1.0929
INFO:trainer_utils.supervised_trainer:Progress: 25%, Train Perplexity: 1.1000
INFO:trainer_utils.supervised_trainer:Progress: 25%, Train Perplexity: 1.1020
INFO:trainer_utils.supervised_trainer:Progress: 25%, Train Perplexity: 1.0901
INFO:trainer_utils.supervised_trainer:Progress: 25%, Train Perplexity: 1.0877
INFO:trainer_utils.supervised_trainer:Progress: 25%, Train Perplexity: 1.0885
INFO:trainer_utils.supervised_trainer:Progress: 25%, Train Perplexity: 1.0980
INFO:trainer_utils.supervised_trainer:Progress: 25%, Train Perplexity: 1.0975
INFO:trainer_utils.supervised_trainer:Progress: 25%, Train Perplexity: 1.1134
INFO:trainer_utils.supervised_trainer:Progress: 25%, Train Perplexity: 1.0933
INFO:trainer_utils.supervised_trainer:Progress: 25%, Train Perplexity: 1.0955
INFO:trainer_utils.supervised_trainer:Progress: 25%, Train Perplexity: 1.0923
INFO:trainer_utils.supervised_trainer:Progress: 25%, Train Perplexity: 1.0895
INFO:trainer_utils.supervised_trainer:Progress: 25%, Train Perplexity: 1.0924
INFO:trainer_utils.supervised_trainer:Progress: 25%, Train Perplexity: 1.0971
INFO:trainer_utils.supervised_trainer:Progress: 25%, Train Perplexity: 1.0983
INFO:trainer_utils.supervised_trainer:Progress: 25%, Train Perplexity: 1.0982
INFO:trainer_utils.supervised_trainer:Progress: 25%, Train Perplexity: 1.0915
INFO:trainer_utils.supervised_trainer:Progress: 26%, Train Perplexity: 1.1164
INFO:trainer_utils.supervised_trainer:Progress: 26%, Train Perplexity: 1.0908
INFO:trainer_utils.supervised_trainer:Progress: 26%, Train Perplexity: 1.1038
INFO:trainer_utils.supervised_trainer:Progress: 26%, Train Perplexity: 1.0851
INFO:trainer_utils.supervised_trainer:Progress: 26%, Train Perplexity: 1.1009
INFO:trainer_utils.supervised_trainer:Progress: 26%, Train Perplexity: 1.1008
INFO:trainer_utils.supervised_trainer:Progress: 26%, Train Perplexity: 1.1000
INFO:trainer_utils.supervised_trainer:Progress: 26%, Train Perplexity: 1.1020
INFO:trainer_utils.supervised_trainer:Progress: 26%, Train Perplexity: 1.1010
INFO:trainer_utils.supervised_trainer:Progress: 26%, Train Perplexity: 1.0918
INFO:trainer_utils.supervised_trainer:Progress: 26%, Train Perplexity: 1.0926
INFO:trainer_utils.supervised_trainer:Progress: 26%, Train Perplexity: 1.1033
INFO:trainer_utils.supervised_trainer:Progress: 26%, Train Perplexity: 1.1144
INFO:trainer_utils.supervised_trainer:Progress: 26%, Train Perplexity: 1.0973
INFO:trainer_utils.supervised_trainer:Progress: 26%, Train Perplexity: 1.0963
INFO:trainer_utils.supervised_trainer:Progress: 26%, Train Perplexity: 1.0981
INFO:trainer_utils.supervised_trainer:Progress: 26%, Train Perplexity: 1.0962
INFO:trainer_utils.supervised_trainer:Progress: 26%, Train Perplexity: 1.1001
INFO:trainer_utils.supervised_trainer:Progress: 26%, Train Perplexity: 1.0973
INFO:trainer_utils.supervised_trainer:Progress: 26%, Train Perplexity: 1.0916
INFO:trainer_utils.supervised_trainer:Progress: 26%, Train Perplexity: 1.0962
INFO:trainer_utils.supervised_trainer:Progress: 26%, Train Perplexity: 1.1048
INFO:trainer_utils.supervised_trainer:Progress: 26%, Train Perplexity: 1.1074
INFO:trainer_utils.supervised_trainer:Progress: 26%, Train Perplexity: 1.1008
INFO:trainer_utils.supervised_trainer:Progress: 26%, Train Perplexity: 1.0940
INFO:trainer_utils.supervised_trainer:Progress: 27%, Train Perplexity: 1.0970
INFO:trainer_utils.supervised_trainer:Progress: 27%, Train Perplexity: 1.0984
INFO:trainer_utils.supervised_trainer:Progress: 27%, Train Perplexity: 1.0954
INFO:trainer_utils.supervised_trainer:Progress: 27%, Train Perplexity: 1.1056
INFO:trainer_utils.supervised_trainer:Progress: 27%, Train Perplexity: 1.0951
INFO:trainer_utils.supervised_trainer:Progress: 27%, Train Perplexity: 1.1016
INFO:trainer_utils.supervised_trainer:Progress: 27%, Train Perplexity: 1.0973
INFO:trainer_utils.supervised_trainer:Progress: 27%, Train Perplexity: 1.0866
INFO:trainer_utils.supervised_trainer:Progress: 27%, Train Perplexity: 1.1040
INFO:trainer_utils.supervised_trainer:Progress: 27%, Train Perplexity: 1.1094
INFO:trainer_utils.supervised_trainer:Progress: 27%, Train Perplexity: 1.0940
INFO:trainer_utils.supervised_trainer:Progress: 27%, Train Perplexity: 1.0823
INFO:trainer_utils.supervised_trainer:Progress: 27%, Train Perplexity: 1.1035
INFO:trainer_utils.supervised_trainer:Progress: 27%, Train Perplexity: 1.0966
INFO:trainer_utils.supervised_trainer:Progress: 27%, Train Perplexity: 1.1001
INFO:trainer_utils.supervised_trainer:Progress: 27%, Train Perplexity: 1.0911
INFO:trainer_utils.supervised_trainer:Progress: 27%, Train Perplexity: 1.0938
INFO:trainer_utils.supervised_trainer:Progress: 27%, Train Perplexity: 1.0900
INFO:trainer_utils.supervised_trainer:Progress: 27%, Train Perplexity: 1.0884
INFO:trainer_utils.supervised_trainer:Progress: 27%, Train Perplexity: 1.0877
INFO:trainer_utils.supervised_trainer:Progress: 27%, Train Perplexity: 1.1055
INFO:trainer_utils.supervised_trainer:Progress: 27%, Train Perplexity: 1.0948
INFO:trainer_utils.supervised_trainer:Progress: 27%, Train Perplexity: 1.1004
INFO:trainer_utils.supervised_trainer:Progress: 27%, Train Perplexity: 1.0918
INFO:trainer_utils.supervised_trainer:Progress: 27%, Train Perplexity: 1.1019
INFO:trainer_utils.supervised_trainer:Progress: 28%, Train Perplexity: 1.0811
INFO:trainer_utils.supervised_trainer:Progress: 28%, Train Perplexity: 1.0997
INFO:trainer_utils.supervised_trainer:Progress: 28%, Train Perplexity: 1.0945
INFO:trainer_utils.supervised_trainer:Progress: 28%, Train Perplexity: 1.0953
INFO:trainer_utils.supervised_trainer:Progress: 28%, Train Perplexity: 1.1040
INFO:trainer_utils.supervised_trainer:Progress: 28%, Train Perplexity: 1.0988
INFO:trainer_utils.supervised_trainer:Progress: 28%, Train Perplexity: 1.0935
INFO:trainer_utils.supervised_trainer:Progress: 28%, Train Perplexity: 1.0909
INFO:trainer_utils.supervised_trainer:Progress: 28%, Train Perplexity: 1.0922
INFO:trainer_utils.supervised_trainer:Progress: 28%, Train Perplexity: 1.0842
INFO:trainer_utils.supervised_trainer:Progress: 28%, Train Perplexity: 1.0899
INFO:trainer_utils.supervised_trainer:Progress: 28%, Train Perplexity: 1.1098
INFO:trainer_utils.supervised_trainer:Progress: 28%, Train Perplexity: 1.0841
INFO:trainer_utils.supervised_trainer:Progress: 28%, Train Perplexity: 1.1005
INFO:trainer_utils.supervised_trainer:Progress: 28%, Train Perplexity: 1.1020
INFO:trainer_utils.supervised_trainer:Progress: 28%, Train Perplexity: 1.0921
INFO:trainer_utils.supervised_trainer:Progress: 28%, Train Perplexity: 1.1007
INFO:trainer_utils.supervised_trainer:Progress: 28%, Train Perplexity: 1.1008
INFO:trainer_utils.supervised_trainer:Progress: 28%, Train Perplexity: 1.1093
INFO:trainer_utils.supervised_trainer:Progress: 28%, Train Perplexity: 1.1046
INFO:trainer_utils.supervised_trainer:Progress: 28%, Train Perplexity: 1.0918
INFO:trainer_utils.supervised_trainer:Progress: 28%, Train Perplexity: 1.0856
INFO:trainer_utils.supervised_trainer:Progress: 28%, Train Perplexity: 1.0886
INFO:trainer_utils.supervised_trainer:Progress: 28%, Train Perplexity: 1.0995
INFO:trainer_utils.supervised_trainer:Progress: 28%, Train Perplexity: 1.0908
INFO:trainer_utils.supervised_trainer:Progress: 28%, Train Perplexity: 1.0926
INFO:trainer_utils.supervised_trainer:Progress: 29%, Train Perplexity: 1.0943
INFO:trainer_utils.supervised_trainer:Progress: 29%, Train Perplexity: 1.0983
INFO:trainer_utils.supervised_trainer:Progress: 29%, Train Perplexity: 1.1012
INFO:trainer_utils.supervised_trainer:Progress: 29%, Train Perplexity: 1.0995
INFO:trainer_utils.supervised_trainer:Progress: 29%, Train Perplexity: 1.0878
INFO:trainer_utils.supervised_trainer:Progress: 29%, Train Perplexity: 1.0843
INFO:trainer_utils.supervised_trainer:Progress: 29%, Train Perplexity: 1.0964
INFO:trainer_utils.supervised_trainer:Progress: 29%, Train Perplexity: 1.0920
INFO:trainer_utils.supervised_trainer:Progress: 29%, Train Perplexity: 1.0989
INFO:trainer_utils.supervised_trainer:Progress: 29%, Train Perplexity: 1.1010
INFO:trainer_utils.supervised_trainer:Progress: 29%, Train Perplexity: 1.0952
INFO:trainer_utils.supervised_trainer:Progress: 29%, Train Perplexity: 1.0880
INFO:trainer_utils.supervised_trainer:Progress: 29%, Train Perplexity: 1.0917
INFO:trainer_utils.supervised_trainer:Progress: 29%, Train Perplexity: 1.0958
INFO:trainer_utils.supervised_trainer:Progress: 29%, Train Perplexity: 1.0945
INFO:trainer_utils.supervised_trainer:Progress: 29%, Train Perplexity: 1.0894
INFO:trainer_utils.supervised_trainer:Progress: 29%, Train Perplexity: 1.0913
INFO:trainer_utils.supervised_trainer:Progress: 29%, Train Perplexity: 1.0933
INFO:trainer_utils.supervised_trainer:Progress: 29%, Train Perplexity: 1.0914
INFO:trainer_utils.supervised_trainer:Progress: 29%, Train Perplexity: 1.1020
INFO:trainer_utils.supervised_trainer:Progress: 29%, Train Perplexity: 1.0924
INFO:trainer_utils.supervised_trainer:Progress: 29%, Train Perplexity: 1.1096
INFO:trainer_utils.supervised_trainer:Progress: 29%, Train Perplexity: 1.0960
INFO:trainer_utils.supervised_trainer:Progress: 29%, Train Perplexity: 1.0885
INFO:trainer_utils.supervised_trainer:Progress: 30%, Train Perplexity: 1.0942
INFO:trainer_utils.supervised_trainer:Finished epoch 3: Train Perplexity: 1.1019, Dev Perplexity: 1.1058, Accuracy: 0.9660
INFO:trainer_utils.supervised_trainer:Epoch: 4, Step: 75000
INFO:trainer_utils.supervised_trainer:Progress: 30%, Train Perplexity: 1.0934
INFO:trainer_utils.supervised_trainer:Progress: 30%, Train Perplexity: 1.0998
INFO:trainer_utils.supervised_trainer:Progress: 30%, Train Perplexity: 1.0901
INFO:trainer_utils.supervised_trainer:Progress: 30%, Train Perplexity: 1.0897
INFO:trainer_utils.supervised_trainer:Progress: 30%, Train Perplexity: 1.0954
INFO:trainer_utils.supervised_trainer:Progress: 30%, Train Perplexity: 1.1024
INFO:trainer_utils.supervised_trainer:Progress: 30%, Train Perplexity: 1.0910
INFO:trainer_utils.supervised_trainer:Progress: 30%, Train Perplexity: 1.0933
INFO:trainer_utils.supervised_trainer:Progress: 30%, Train Perplexity: 1.0925
INFO:trainer_utils.supervised_trainer:Progress: 30%, Train Perplexity: 1.0846
INFO:trainer_utils.supervised_trainer:Progress: 30%, Train Perplexity: 1.0904
INFO:trainer_utils.supervised_trainer:Progress: 30%, Train Perplexity: 1.0852
INFO:trainer_utils.supervised_trainer:Progress: 30%, Train Perplexity: 1.0846
INFO:trainer_utils.supervised_trainer:Progress: 30%, Train Perplexity: 1.0899
INFO:trainer_utils.supervised_trainer:Progress: 30%, Train Perplexity: 1.1009
INFO:trainer_utils.supervised_trainer:Progress: 30%, Train Perplexity: 1.1043
INFO:trainer_utils.supervised_trainer:Progress: 30%, Train Perplexity: 1.0830
INFO:trainer_utils.supervised_trainer:Progress: 30%, Train Perplexity: 1.0924
INFO:trainer_utils.supervised_trainer:Progress: 30%, Train Perplexity: 1.0923
INFO:trainer_utils.supervised_trainer:Progress: 30%, Train Perplexity: 1.0874
INFO:trainer_utils.supervised_trainer:Progress: 30%, Train Perplexity: 1.0860
INFO:trainer_utils.supervised_trainer:Progress: 30%, Train Perplexity: 1.0927
INFO:trainer_utils.supervised_trainer:Progress: 30%, Train Perplexity: 1.0858
INFO:trainer_utils.supervised_trainer:Progress: 30%, Train Perplexity: 1.0950
INFO:trainer_utils.supervised_trainer:Progress: 31%, Train Perplexity: 1.0951
INFO:trainer_utils.supervised_trainer:Progress: 31%, Train Perplexity: 1.0928
INFO:trainer_utils.supervised_trainer:Progress: 31%, Train Perplexity: 1.1011
INFO:trainer_utils.supervised_trainer:Progress: 31%, Train Perplexity: 1.0956
INFO:trainer_utils.supervised_trainer:Progress: 31%, Train Perplexity: 1.0864
INFO:trainer_utils.supervised_trainer:Progress: 31%, Train Perplexity: 1.1001
INFO:trainer_utils.supervised_trainer:Progress: 31%, Train Perplexity: 1.0948
INFO:trainer_utils.supervised_trainer:Progress: 31%, Train Perplexity: 1.0966
INFO:trainer_utils.supervised_trainer:Progress: 31%, Train Perplexity: 1.1051
INFO:trainer_utils.supervised_trainer:Progress: 31%, Train Perplexity: 1.0876
INFO:trainer_utils.supervised_trainer:Progress: 31%, Train Perplexity: 1.0868
INFO:trainer_utils.supervised_trainer:Progress: 31%, Train Perplexity: 1.0969
INFO:trainer_utils.supervised_trainer:Progress: 31%, Train Perplexity: 1.0853
INFO:trainer_utils.supervised_trainer:Progress: 31%, Train Perplexity: 1.0915
INFO:trainer_utils.supervised_trainer:Progress: 31%, Train Perplexity: 1.0876
INFO:trainer_utils.supervised_trainer:Progress: 31%, Train Perplexity: 1.0873
INFO:trainer_utils.supervised_trainer:Progress: 31%, Train Perplexity: 1.0904
INFO:trainer_utils.supervised_trainer:Progress: 31%, Train Perplexity: 1.0936
INFO:trainer_utils.supervised_trainer:Progress: 31%, Train Perplexity: 1.0982
INFO:trainer_utils.supervised_trainer:Progress: 31%, Train Perplexity: 1.0943
INFO:trainer_utils.supervised_trainer:Progress: 31%, Train Perplexity: 1.0964
INFO:trainer_utils.supervised_trainer:Progress: 31%, Train Perplexity: 1.0772
INFO:trainer_utils.supervised_trainer:Progress: 31%, Train Perplexity: 1.0876
INFO:trainer_utils.supervised_trainer:Progress: 31%, Train Perplexity: 1.0850
INFO:trainer_utils.supervised_trainer:Progress: 31%, Train Perplexity: 1.0835
INFO:trainer_utils.supervised_trainer:Progress: 32%, Train Perplexity: 1.0973
INFO:trainer_utils.supervised_trainer:Progress: 32%, Train Perplexity: 1.0896
INFO:trainer_utils.supervised_trainer:Progress: 32%, Train Perplexity: 1.0928
INFO:trainer_utils.supervised_trainer:Progress: 32%, Train Perplexity: 1.0883
INFO:trainer_utils.supervised_trainer:Progress: 32%, Train Perplexity: 1.0889
INFO:trainer_utils.supervised_trainer:Progress: 32%, Train Perplexity: 1.0820
INFO:trainer_utils.supervised_trainer:Progress: 32%, Train Perplexity: 1.0967
INFO:trainer_utils.supervised_trainer:Progress: 32%, Train Perplexity: 1.0890
INFO:trainer_utils.supervised_trainer:Progress: 32%, Train Perplexity: 1.0745
INFO:trainer_utils.supervised_trainer:Progress: 32%, Train Perplexity: 1.0856
INFO:trainer_utils.supervised_trainer:Progress: 32%, Train Perplexity: 1.0946
INFO:trainer_utils.supervised_trainer:Progress: 32%, Train Perplexity: 1.0989
INFO:trainer_utils.supervised_trainer:Progress: 32%, Train Perplexity: 1.0965
INFO:trainer_utils.supervised_trainer:Progress: 32%, Train Perplexity: 1.0896
INFO:trainer_utils.supervised_trainer:Progress: 32%, Train Perplexity: 1.0877
INFO:trainer_utils.supervised_trainer:Progress: 32%, Train Perplexity: 1.0921
INFO:trainer_utils.supervised_trainer:Progress: 32%, Train Perplexity: 1.1001
INFO:trainer_utils.supervised_trainer:Progress: 32%, Train Perplexity: 1.0970
INFO:trainer_utils.supervised_trainer:Progress: 32%, Train Perplexity: 1.0848
INFO:trainer_utils.supervised_trainer:Progress: 32%, Train Perplexity: 1.0913
INFO:trainer_utils.supervised_trainer:Progress: 32%, Train Perplexity: 1.0867
INFO:trainer_utils.supervised_trainer:Progress: 32%, Train Perplexity: 1.0909
INFO:trainer_utils.supervised_trainer:Progress: 32%, Train Perplexity: 1.0990
INFO:trainer_utils.supervised_trainer:Progress: 32%, Train Perplexity: 1.0844
INFO:trainer_utils.supervised_trainer:Progress: 32%, Train Perplexity: 1.0876
INFO:trainer_utils.supervised_trainer:Progress: 33%, Train Perplexity: 1.0948
INFO:trainer_utils.supervised_trainer:Progress: 33%, Train Perplexity: 1.0898
INFO:trainer_utils.supervised_trainer:Progress: 33%, Train Perplexity: 1.0980
INFO:trainer_utils.supervised_trainer:Progress: 33%, Train Perplexity: 1.0799
INFO:trainer_utils.supervised_trainer:Progress: 33%, Train Perplexity: 1.0903
INFO:trainer_utils.supervised_trainer:Progress: 33%, Train Perplexity: 1.0887
INFO:trainer_utils.supervised_trainer:Progress: 33%, Train Perplexity: 1.0893
INFO:trainer_utils.supervised_trainer:Progress: 33%, Train Perplexity: 1.0892
INFO:trainer_utils.supervised_trainer:Progress: 33%, Train Perplexity: 1.0925
INFO:trainer_utils.supervised_trainer:Progress: 33%, Train Perplexity: 1.0931
INFO:trainer_utils.supervised_trainer:Progress: 33%, Train Perplexity: 1.0871
INFO:trainer_utils.supervised_trainer:Progress: 33%, Train Perplexity: 1.0977
INFO:trainer_utils.supervised_trainer:Progress: 33%, Train Perplexity: 1.0860
INFO:trainer_utils.supervised_trainer:Progress: 33%, Train Perplexity: 1.0894
INFO:trainer_utils.supervised_trainer:Progress: 33%, Train Perplexity: 1.0839
INFO:trainer_utils.supervised_trainer:Progress: 33%, Train Perplexity: 1.0918
INFO:trainer_utils.supervised_trainer:Progress: 33%, Train Perplexity: 1.0957
INFO:trainer_utils.supervised_trainer:Progress: 33%, Train Perplexity: 1.0954
INFO:trainer_utils.supervised_trainer:Progress: 33%, Train Perplexity: 1.0886
INFO:trainer_utils.supervised_trainer:Progress: 33%, Train Perplexity: 1.0838
INFO:trainer_utils.supervised_trainer:Progress: 33%, Train Perplexity: 1.0792
INFO:trainer_utils.supervised_trainer:Progress: 33%, Train Perplexity: 1.0863
INFO:trainer_utils.supervised_trainer:Progress: 33%, Train Perplexity: 1.0995
INFO:trainer_utils.supervised_trainer:Progress: 33%, Train Perplexity: 1.0890
INFO:trainer_utils.supervised_trainer:Progress: 33%, Train Perplexity: 1.0776
INFO:trainer_utils.supervised_trainer:Progress: 34%, Train Perplexity: 1.0847
INFO:trainer_utils.supervised_trainer:Progress: 34%, Train Perplexity: 1.0918
INFO:trainer_utils.supervised_trainer:Progress: 34%, Train Perplexity: 1.0866
INFO:trainer_utils.supervised_trainer:Progress: 34%, Train Perplexity: 1.0870
INFO:trainer_utils.supervised_trainer:Progress: 34%, Train Perplexity: 1.0875
INFO:trainer_utils.supervised_trainer:Progress: 34%, Train Perplexity: 1.0894
INFO:trainer_utils.supervised_trainer:Progress: 34%, Train Perplexity: 1.0992
INFO:trainer_utils.supervised_trainer:Progress: 34%, Train Perplexity: 1.0853
INFO:trainer_utils.supervised_trainer:Progress: 34%, Train Perplexity: 1.0945
INFO:trainer_utils.supervised_trainer:Progress: 34%, Train Perplexity: 1.0885
INFO:trainer_utils.supervised_trainer:Progress: 34%, Train Perplexity: 1.0912
INFO:trainer_utils.supervised_trainer:Progress: 34%, Train Perplexity: 1.0761
INFO:trainer_utils.supervised_trainer:Progress: 34%, Train Perplexity: 1.0769
INFO:trainer_utils.supervised_trainer:Progress: 34%, Train Perplexity: 1.0885
INFO:trainer_utils.supervised_trainer:Progress: 34%, Train Perplexity: 1.0980
INFO:trainer_utils.supervised_trainer:Progress: 34%, Train Perplexity: 1.0884
INFO:trainer_utils.supervised_trainer:Progress: 34%, Train Perplexity: 1.0848
INFO:trainer_utils.supervised_trainer:Progress: 34%, Train Perplexity: 1.0913
INFO:trainer_utils.supervised_trainer:Progress: 34%, Train Perplexity: 1.0809
INFO:trainer_utils.supervised_trainer:Progress: 34%, Train Perplexity: 1.0762
INFO:trainer_utils.supervised_trainer:Progress: 34%, Train Perplexity: 1.0833
INFO:trainer_utils.supervised_trainer:Progress: 34%, Train Perplexity: 1.0908
INFO:trainer_utils.supervised_trainer:Progress: 34%, Train Perplexity: 1.0938
INFO:trainer_utils.supervised_trainer:Progress: 34%, Train Perplexity: 1.1018
INFO:trainer_utils.supervised_trainer:Progress: 34%, Train Perplexity: 1.0814
INFO:trainer_utils.supervised_trainer:Progress: 35%, Train Perplexity: 1.0857
INFO:trainer_utils.supervised_trainer:Progress: 35%, Train Perplexity: 1.0806
INFO:trainer_utils.supervised_trainer:Progress: 35%, Train Perplexity: 1.0835
INFO:trainer_utils.supervised_trainer:Progress: 35%, Train Perplexity: 1.0818
INFO:trainer_utils.supervised_trainer:Progress: 35%, Train Perplexity: 1.0814
INFO:trainer_utils.supervised_trainer:Progress: 35%, Train Perplexity: 1.0870
INFO:trainer_utils.supervised_trainer:Progress: 35%, Train Perplexity: 1.0888
INFO:trainer_utils.supervised_trainer:Progress: 35%, Train Perplexity: 1.0808
INFO:trainer_utils.supervised_trainer:Progress: 35%, Train Perplexity: 1.0861
INFO:trainer_utils.supervised_trainer:Progress: 35%, Train Perplexity: 1.0878
INFO:trainer_utils.supervised_trainer:Progress: 35%, Train Perplexity: 1.0824
INFO:trainer_utils.supervised_trainer:Progress: 35%, Train Perplexity: 1.0813
INFO:trainer_utils.supervised_trainer:Progress: 35%, Train Perplexity: 1.0840
INFO:trainer_utils.supervised_trainer:Progress: 35%, Train Perplexity: 1.0883
INFO:trainer_utils.supervised_trainer:Progress: 35%, Train Perplexity: 1.0737
INFO:trainer_utils.supervised_trainer:Progress: 35%, Train Perplexity: 1.0925
INFO:trainer_utils.supervised_trainer:Progress: 35%, Train Perplexity: 1.0939
INFO:trainer_utils.supervised_trainer:Progress: 35%, Train Perplexity: 1.0785
INFO:trainer_utils.supervised_trainer:Progress: 35%, Train Perplexity: 1.0972
INFO:trainer_utils.supervised_trainer:Progress: 35%, Train Perplexity: 1.0800
INFO:trainer_utils.supervised_trainer:Progress: 35%, Train Perplexity: 1.0904
INFO:trainer_utils.supervised_trainer:Progress: 35%, Train Perplexity: 1.0879
INFO:trainer_utils.supervised_trainer:Progress: 35%, Train Perplexity: 1.0837
INFO:trainer_utils.supervised_trainer:Progress: 35%, Train Perplexity: 1.0846
INFO:trainer_utils.supervised_trainer:Progress: 35%, Train Perplexity: 1.0897
INFO:trainer_utils.supervised_trainer:Progress: 36%, Train Perplexity: 1.0852
INFO:trainer_utils.supervised_trainer:Progress: 36%, Train Perplexity: 1.0951
INFO:trainer_utils.supervised_trainer:Progress: 36%, Train Perplexity: 1.0850
INFO:trainer_utils.supervised_trainer:Progress: 36%, Train Perplexity: 1.0959
INFO:trainer_utils.supervised_trainer:Progress: 36%, Train Perplexity: 1.0899
INFO:trainer_utils.supervised_trainer:Progress: 36%, Train Perplexity: 1.0819
INFO:trainer_utils.supervised_trainer:Progress: 36%, Train Perplexity: 1.1043
INFO:trainer_utils.supervised_trainer:Progress: 36%, Train Perplexity: 1.0789
INFO:trainer_utils.supervised_trainer:Progress: 36%, Train Perplexity: 1.0910
INFO:trainer_utils.supervised_trainer:Progress: 36%, Train Perplexity: 1.0878
INFO:trainer_utils.supervised_trainer:Progress: 36%, Train Perplexity: 1.0829
INFO:trainer_utils.supervised_trainer:Progress: 36%, Train Perplexity: 1.0818
INFO:trainer_utils.supervised_trainer:Progress: 36%, Train Perplexity: 1.0774
INFO:trainer_utils.supervised_trainer:Progress: 36%, Train Perplexity: 1.0957
INFO:trainer_utils.supervised_trainer:Progress: 36%, Train Perplexity: 1.0878
INFO:trainer_utils.supervised_trainer:Progress: 36%, Train Perplexity: 1.1006
INFO:trainer_utils.supervised_trainer:Progress: 36%, Train Perplexity: 1.0854
INFO:trainer_utils.supervised_trainer:Progress: 36%, Train Perplexity: 1.0816
INFO:trainer_utils.supervised_trainer:Progress: 36%, Train Perplexity: 1.0989
INFO:trainer_utils.supervised_trainer:Progress: 36%, Train Perplexity: 1.0822
INFO:trainer_utils.supervised_trainer:Progress: 36%, Train Perplexity: 1.0795
INFO:trainer_utils.supervised_trainer:Progress: 36%, Train Perplexity: 1.0868
INFO:trainer_utils.supervised_trainer:Progress: 36%, Train Perplexity: 1.0864
INFO:trainer_utils.supervised_trainer:Progress: 36%, Train Perplexity: 1.0849
INFO:trainer_utils.supervised_trainer:Progress: 36%, Train Perplexity: 1.0834
INFO:trainer_utils.supervised_trainer:Progress: 37%, Train Perplexity: 1.0958
INFO:trainer_utils.supervised_trainer:Progress: 37%, Train Perplexity: 1.0858
INFO:trainer_utils.supervised_trainer:Progress: 37%, Train Perplexity: 1.0811
INFO:trainer_utils.supervised_trainer:Progress: 37%, Train Perplexity: 1.0882
INFO:trainer_utils.supervised_trainer:Progress: 37%, Train Perplexity: 1.0906
INFO:trainer_utils.supervised_trainer:Progress: 37%, Train Perplexity: 1.0847
INFO:trainer_utils.supervised_trainer:Progress: 37%, Train Perplexity: 1.0843
INFO:trainer_utils.supervised_trainer:Progress: 37%, Train Perplexity: 1.0878
INFO:trainer_utils.supervised_trainer:Progress: 37%, Train Perplexity: 1.0848
INFO:trainer_utils.supervised_trainer:Progress: 37%, Train Perplexity: 1.0861
INFO:trainer_utils.supervised_trainer:Progress: 37%, Train Perplexity: 1.0880
INFO:trainer_utils.supervised_trainer:Progress: 37%, Train Perplexity: 1.0810
INFO:trainer_utils.supervised_trainer:Progress: 37%, Train Perplexity: 1.0743
INFO:trainer_utils.supervised_trainer:Progress: 37%, Train Perplexity: 1.0766
INFO:trainer_utils.supervised_trainer:Progress: 37%, Train Perplexity: 1.0904
INFO:trainer_utils.supervised_trainer:Progress: 37%, Train Perplexity: 1.0753
INFO:trainer_utils.supervised_trainer:Progress: 37%, Train Perplexity: 1.1015
INFO:trainer_utils.supervised_trainer:Progress: 37%, Train Perplexity: 1.0868
INFO:trainer_utils.supervised_trainer:Progress: 37%, Train Perplexity: 1.0762
INFO:trainer_utils.supervised_trainer:Progress: 37%, Train Perplexity: 1.0902
INFO:trainer_utils.supervised_trainer:Progress: 37%, Train Perplexity: 1.0812
INFO:trainer_utils.supervised_trainer:Progress: 37%, Train Perplexity: 1.0839
INFO:trainer_utils.supervised_trainer:Progress: 37%, Train Perplexity: 1.0806
INFO:trainer_utils.supervised_trainer:Progress: 37%, Train Perplexity: 1.0812
INFO:trainer_utils.supervised_trainer:Progress: 37%, Train Perplexity: 1.0820
INFO:trainer_utils.supervised_trainer:Progress: 38%, Train Perplexity: 1.0906
INFO:trainer_utils.supervised_trainer:Progress: 38%, Train Perplexity: 1.0908
INFO:trainer_utils.supervised_trainer:Progress: 38%, Train Perplexity: 1.0889
INFO:trainer_utils.supervised_trainer:Progress: 38%, Train Perplexity: 1.0825
INFO:trainer_utils.supervised_trainer:Progress: 38%, Train Perplexity: 1.0868
INFO:trainer_utils.supervised_trainer:Progress: 38%, Train Perplexity: 1.0797
INFO:trainer_utils.supervised_trainer:Progress: 38%, Train Perplexity: 1.0831
INFO:trainer_utils.supervised_trainer:Progress: 38%, Train Perplexity: 1.0787
INFO:trainer_utils.supervised_trainer:Progress: 38%, Train Perplexity: 1.0904
INFO:trainer_utils.supervised_trainer:Progress: 38%, Train Perplexity: 1.0790
INFO:trainer_utils.supervised_trainer:Progress: 38%, Train Perplexity: 1.0784
INFO:trainer_utils.supervised_trainer:Progress: 38%, Train Perplexity: 1.0800
INFO:trainer_utils.supervised_trainer:Progress: 38%, Train Perplexity: 1.0887
INFO:trainer_utils.supervised_trainer:Progress: 38%, Train Perplexity: 1.0798
INFO:trainer_utils.supervised_trainer:Progress: 38%, Train Perplexity: 1.0939
INFO:trainer_utils.supervised_trainer:Progress: 38%, Train Perplexity: 1.1014
INFO:trainer_utils.supervised_trainer:Progress: 38%, Train Perplexity: 1.0844
INFO:trainer_utils.supervised_trainer:Progress: 38%, Train Perplexity: 1.0782
INFO:trainer_utils.supervised_trainer:Progress: 38%, Train Perplexity: 1.0811
INFO:trainer_utils.supervised_trainer:Progress: 38%, Train Perplexity: 1.0883
INFO:trainer_utils.supervised_trainer:Progress: 38%, Train Perplexity: 1.0785
INFO:trainer_utils.supervised_trainer:Progress: 38%, Train Perplexity: 1.0774
INFO:trainer_utils.supervised_trainer:Progress: 38%, Train Perplexity: 1.0810
INFO:trainer_utils.supervised_trainer:Progress: 38%, Train Perplexity: 1.0827
INFO:trainer_utils.supervised_trainer:Progress: 38%, Train Perplexity: 1.0777
INFO:trainer_utils.supervised_trainer:Progress: 39%, Train Perplexity: 1.0850
INFO:trainer_utils.supervised_trainer:Progress: 39%, Train Perplexity: 1.0821
INFO:trainer_utils.supervised_trainer:Progress: 39%, Train Perplexity: 1.0759
INFO:trainer_utils.supervised_trainer:Progress: 39%, Train Perplexity: 1.0800
INFO:trainer_utils.supervised_trainer:Progress: 39%, Train Perplexity: 1.0900
INFO:trainer_utils.supervised_trainer:Optimizer: Adam (
Parameter Group 0
    amsgrad: False
    betas: (0.9, 0.999)
    eps: 1e-08
    lr: 0.001
    weight_decay: 0
), Scheduler: None
INFO:trainer_utils.supervised_trainer:Epoch: 1, Step: 0
INFO:trainer_utils.supervised_trainer:Progress: 39%, Train Perplexity: 1.0797
INFO:trainer_utils.supervised_trainer:Progress: 39%, Train Perplexity: 1.0787
INFO:trainer_utils.supervised_trainer:Progress: 39%, Train Perplexity: 1.0785
INFO:trainer_utils.supervised_trainer:Progress: 39%, Train Perplexity: 1.0888
INFO:trainer_utils.supervised_trainer:Progress: 39%, Train Perplexity: 1.0799
INFO:trainer_utils.supervised_trainer:Optimizer: Adam (
Parameter Group 0
    amsgrad: False
    betas: (0.9, 0.999)
    eps: 1e-08
    lr: 0.001
    weight_decay: 0
), Scheduler: None
INFO:trainer_utils.supervised_trainer:Epoch: 1, Step: 0
INFO:trainer_utils.supervised_trainer:Progress: 39%, Train Perplexity: 1.0907
INFO:trainer_utils.supervised_trainer:Progress: 39%, Train Perplexity: 1.0794
INFO:trainer_utils.supervised_trainer:Progress: 39%, Train Perplexity: 1.0783
INFO:trainer_utils.supervised_trainer:Progress: 39%, Train Perplexity: 1.0892
INFO:trainer_utils.supervised_trainer:Progress: 39%, Train Perplexity: 1.0842
INFO:trainer_utils.supervised_trainer:Optimizer: Adam (
Parameter Group 0
    amsgrad: False
    betas: (0.9, 0.999)
    eps: 1e-08
    lr: 0.001
    weight_decay: 0
), Scheduler: None
INFO:trainer_utils.supervised_trainer:Epoch: 1, Step: 0
INFO:trainer_utils.supervised_trainer:Progress: 39%, Train Perplexity: 1.0765
INFO:trainer_utils.supervised_trainer:Progress: 39%, Train Perplexity: 1.0989
INFO:trainer_utils.supervised_trainer:Progress: 0%, Train Perplexity: 20.8265
INFO:trainer_utils.supervised_trainer:Progress: 39%, Train Perplexity: 1.0805
INFO:trainer_utils.supervised_trainer:Progress: 0%, Train Perplexity: 5.0992
INFO:trainer_utils.supervised_trainer:Progress: 39%, Train Perplexity: 1.0823
INFO:trainer_utils.supervised_trainer:Progress: 0%, Train Perplexity: 4.6146
INFO:trainer_utils.supervised_trainer:Progress: 39%, Train Perplexity: 1.0759
INFO:trainer_utils.supervised_trainer:Progress: 0%, Train Perplexity: 4.6829
INFO:trainer_utils.supervised_trainer:Progress: 39%, Train Perplexity: 1.0840
INFO:trainer_utils.supervised_trainer:Progress: 0%, Train Perplexity: 4.2615
INFO:trainer_utils.supervised_trainer:Progress: 39%, Train Perplexity: 1.0902
INFO:trainer_utils.supervised_trainer:Progress: 0%, Train Perplexity: 4.0543
INFO:trainer_utils.supervised_trainer:Progress: 39%, Train Perplexity: 1.0863
INFO:trainer_utils.supervised_trainer:Progress: 39%, Train Perplexity: 1.0777
INFO:trainer_utils.supervised_trainer:Progress: 0%, Train Perplexity: 3.2980
INFO:trainer_utils.supervised_trainer:Progress: 39%, Train Perplexity: 1.0827
INFO:trainer_utils.supervised_trainer:Progress: 0%, Train Perplexity: 2.9920
INFO:trainer_utils.supervised_trainer:Progress: 40%, Train Perplexity: 1.0833
INFO:trainer_utils.supervised_trainer:Progress: 0%, Train Perplexity: 2.8448
INFO:trainer_utils.supervised_trainer:Progress: 0%, Train Perplexity: 2.6859
INFO:trainer_utils.supervised_trainer:Progress: 0%, Train Perplexity: 2.5497
INFO:trainer_utils.supervised_trainer:Progress: 0%, Train Perplexity: 2.5232
INFO:trainer_utils.supervised_trainer:Progress: 0%, Train Perplexity: 2.5730
INFO:trainer_utils.supervised_trainer:Progress: 0%, Train Perplexity: 2.4355
INFO:trainer_utils.supervised_trainer:Progress: 0%, Train Perplexity: 2.4759
INFO:trainer_utils.supervised_trainer:Progress: 0%, Train Perplexity: 2.4096
INFO:trainer_utils.supervised_trainer:Progress: 0%, Train Perplexity: 2.2899
INFO:trainer_utils.supervised_trainer:Progress: 0%, Train Perplexity: 2.3178
INFO:trainer_utils.supervised_trainer:Progress: 0%, Train Perplexity: 2.1893
INFO:trainer_utils.supervised_trainer:Finished epoch 4: Train Perplexity: 1.0876, Dev Perplexity: 1.1010, Accuracy: 0.9692
INFO:trainer_utils.supervised_trainer:Epoch: 5, Step: 100000
INFO:trainer_utils.supervised_trainer:Progress: 0%, Train Perplexity: 2.1256
INFO:trainer_utils.supervised_trainer:Progress: 40%, Train Perplexity: 1.0797
INFO:trainer_utils.supervised_trainer:Progress: 0%, Train Perplexity: 2.0954
INFO:trainer_utils.supervised_trainer:Progress: 40%, Train Perplexity: 1.0854
INFO:trainer_utils.supervised_trainer:Progress: 0%, Train Perplexity: 2.1243
INFO:trainer_utils.supervised_trainer:Progress: 40%, Train Perplexity: 1.0805
INFO:trainer_utils.supervised_trainer:Progress: 0%, Train Perplexity: 2.0704
INFO:trainer_utils.supervised_trainer:Progress: 40%, Train Perplexity: 1.0862
INFO:trainer_utils.supervised_trainer:Progress: 1%, Train Perplexity: 2.0086
INFO:trainer_utils.supervised_trainer:Progress: 40%, Train Perplexity: 1.0794
INFO:trainer_utils.supervised_trainer:Progress: 1%, Train Perplexity: 2.0119
INFO:trainer_utils.supervised_trainer:Progress: 40%, Train Perplexity: 1.0796
INFO:trainer_utils.supervised_trainer:Progress: 1%, Train Perplexity: 1.9547
INFO:trainer_utils.supervised_trainer:Progress: 40%, Train Perplexity: 1.0865
INFO:trainer_utils.supervised_trainer:Progress: 1%, Train Perplexity: 2.0144
INFO:trainer_utils.supervised_trainer:Progress: 40%, Train Perplexity: 1.0808
INFO:trainer_utils.supervised_trainer:Progress: 1%, Train Perplexity: 2.0246
INFO:trainer_utils.supervised_trainer:Progress: 40%, Train Perplexity: 1.0839
INFO:trainer_utils.supervised_trainer:Progress: 1%, Train Perplexity: 1.9290
INFO:trainer_utils.supervised_trainer:Progress: 40%, Train Perplexity: 1.0794
INFO:trainer_utils.supervised_trainer:Progress: 1%, Train Perplexity: 1.9261
INFO:trainer_utils.supervised_trainer:Progress: 40%, Train Perplexity: 1.0940
INFO:trainer_utils.supervised_trainer:Progress: 1%, Train Perplexity: 1.9184
INFO:trainer_utils.supervised_trainer:Progress: 40%, Train Perplexity: 1.0796
INFO:trainer_utils.supervised_trainer:Progress: 1%, Train Perplexity: 1.8954
INFO:trainer_utils.supervised_trainer:Progress: 40%, Train Perplexity: 1.0814
INFO:trainer_utils.supervised_trainer:Progress: 40%, Train Perplexity: 1.0845
INFO:trainer_utils.supervised_trainer:Progress: 40%, Train Perplexity: 1.0777
INFO:trainer_utils.supervised_trainer:Progress: 40%, Train Perplexity: 1.0723
INFO:trainer_utils.supervised_trainer:Progress: 40%, Train Perplexity: 1.0764
INFO:trainer_utils.supervised_trainer:Progress: 40%, Train Perplexity: 1.0916
INFO:trainer_utils.supervised_trainer:Progress: 40%, Train Perplexity: 1.0881
INFO:trainer_utils.supervised_trainer:Progress: 40%, Train Perplexity: 1.0754
INFO:trainer_utils.supervised_trainer:Progress: 40%, Train Perplexity: 1.0835
INFO:trainer_utils.supervised_trainer:Progress: 40%, Train Perplexity: 1.0708
INFO:trainer_utils.supervised_trainer:Progress: 40%, Train Perplexity: 1.0865
INFO:trainer_utils.supervised_trainer:Progress: 40%, Train Perplexity: 1.0914
INFO:trainer_utils.supervised_trainer:Progress: 41%, Train Perplexity: 1.0805
INFO:trainer_utils.supervised_trainer:Progress: 41%, Train Perplexity: 1.0820
INFO:trainer_utils.supervised_trainer:Progress: 41%, Train Perplexity: 1.0821
INFO:trainer_utils.supervised_trainer:Progress: 41%, Train Perplexity: 1.0768
INFO:trainer_utils.supervised_trainer:Progress: 41%, Train Perplexity: 1.0881
INFO:trainer_utils.supervised_trainer:Progress: 41%, Train Perplexity: 1.0843
INFO:trainer_utils.supervised_trainer:Progress: 41%, Train Perplexity: 1.0757
INFO:trainer_utils.supervised_trainer:Progress: 41%, Train Perplexity: 1.0906
INFO:trainer_utils.supervised_trainer:Progress: 41%, Train Perplexity: 1.0831
INFO:trainer_utils.supervised_trainer:Progress: 41%, Train Perplexity: 1.0815
INFO:trainer_utils.supervised_trainer:Progress: 41%, Train Perplexity: 1.0831
INFO:trainer_utils.supervised_trainer:Progress: 41%, Train Perplexity: 1.0802
INFO:trainer_utils.supervised_trainer:Progress: 41%, Train Perplexity: 1.0852
INFO:trainer_utils.supervised_trainer:Progress: 41%, Train Perplexity: 1.0864
INFO:trainer_utils.supervised_trainer:Progress: 41%, Train Perplexity: 1.0871
INFO:trainer_utils.supervised_trainer:Progress: 41%, Train Perplexity: 1.0770
INFO:trainer_utils.supervised_trainer:Progress: 41%, Train Perplexity: 1.0749
INFO:trainer_utils.supervised_trainer:Progress: 41%, Train Perplexity: 1.0816
